<?xml version="1.0" encoding="UTF-8"?>
<testsuite name="s3.ind.persistence.converters.WorkoutEntityConverterTest" tests="4" skipped="0" failures="0" errors="0" timestamp="2024-04-13T14:09:56" hostname="DESKTOP-88OFGPG" time="0.112">
  <properties/>
  <testcase name="testFromEntity_NullInput()" classname="s3.ind.persistence.converters.WorkoutEntityConverterTest" time="0.083"/>
  <testcase name="fromEntity()" classname="s3.ind.persistence.converters.WorkoutEntityConverterTest" time="0.019"/>
  <testcase name="testToEntity_NullInput()" classname="s3.ind.persistence.converters.WorkoutEntityConverterTest" time="0.001"/>
  <testcase name="toEntity()" classname="s3.ind.persistence.converters.WorkoutEntityConverterTest" time="0.005"/>
  <system-out><![CDATA[]]></system-out>
  <system-err><![CDATA[]]></system-err>
</testsuite>
