<?xml version="1.0" encoding="UTF-8"?>
<testsuite name="fontys.ind.controller.UserControllerTest" tests="2" skipped="0" failures="0" errors="0" timestamp="2024-06-06T11:05:22" hostname="DESKTOP-88OFGPG" time="0.086">
  <properties/>
  <testcase name="testGetUsersByRole_InvalidRole()" classname="fontys.ind.controller.UserControllerTest" time="0.068"/>
  <testcase name="getAllUsers()" classname="fontys.ind.controller.UserControllerTest" time="0.017"/>
  <system-out><![CDATA[13:05:14.431 [Test worker] INFO org.springframework.test.context.support.AnnotationConfigContextLoaderUtils -- Could not detect default configuration classes for test class [fontys.ind.controller.UserControllerTest]: UserControllerTest does not declare any static, non-private, non-final, nested classes annotated with @Configuration.
13:05:14.629 [Test worker] INFO org.springframework.boot.test.context.SpringBootTestContextBootstrapper -- Found @SpringBootConfiguration fontys.ind.Main for test class fontys.ind.controller.UserControllerTest

  .   ____          _            __ _ _
 /\\ / ___'_ __ _ _(_)_ __  __ _ \ \ \ \
( ( )\___ | '_ | '_| | '_ \/ _` | \ \ \ \
 \\/  ___)| |_)| | | | | || (_| |  ) ) ) )
  '  |____| .__|_| |_|_| |_\__, | / / / /
 =========|_|==============|___/=/_/_/_/
 :: Spring Boot ::                (v3.1.3)

2024-06-06T13:05:15.298+02:00  INFO 15040 --- [    Test worker] f.ind.controller.UserControllerTest      : Starting UserControllerTest using Java 17.0.10 with PID 15040 (started by Melina in D:\CS\Version Control\GitLab\fitsphere-backend)
2024-06-06T13:05:15.300+02:00  INFO 15040 --- [    Test worker] f.ind.controller.UserControllerTest      : No active profile set, falling back to 1 default profile: "default"
2024-06-06T13:05:16.786+02:00  INFO 15040 --- [    Test worker] .s.d.r.c.RepositoryConfigurationDelegate : Bootstrapping Spring Data JPA repositories in DEFAULT mode.
2024-06-06T13:05:16.920+02:00  INFO 15040 --- [    Test worker] .s.d.r.c.RepositoryConfigurationDelegate : Finished Spring Data repository scanning in 121 ms. Found 7 JPA repository interfaces.
2024-06-06T13:05:17.862+02:00  INFO 15040 --- [    Test worker] o.f.c.internal.license.VersionPrinter    : Flyway Community Edition 9.16.3 by Redgate
2024-06-06T13:05:17.862+02:00  INFO 15040 --- [    Test worker] o.f.c.internal.license.VersionPrinter    : See release notes here: https://rd.gt/416ObMi
2024-06-06T13:05:17.862+02:00  INFO 15040 --- [    Test worker] o.f.c.internal.license.VersionPrinter    : 
2024-06-06T13:05:18.377+02:00  INFO 15040 --- [    Test worker] o.f.c.i.database.base.BaseDatabaseType   : Database: jdbc:mysql://localhost:3306/fitsphere (MySQL 8.0)
2024-06-06T13:05:18.453+02:00  INFO 15040 --- [    Test worker] o.f.core.internal.command.DbMigrate      : Current version of schema `fitsphere`: 1
2024-06-06T13:05:18.454+02:00  INFO 15040 --- [    Test worker] o.f.core.internal.command.DbMigrate      : Schema `fitsphere` is up to date. No migration necessary.
2024-06-06T13:05:18.614+02:00  INFO 15040 --- [    Test worker] o.hibernate.jpa.internal.util.LogHelper  : HHH000204: Processing PersistenceUnitInfo [name: default]
2024-06-06T13:05:18.750+02:00  INFO 15040 --- [    Test worker] org.hibernate.Version                    : HHH000412: Hibernate ORM core version 6.2.7.Final
2024-06-06T13:05:18.755+02:00  INFO 15040 --- [    Test worker] org.hibernate.cfg.Environment            : HHH000406: Using bytecode reflection optimizer
2024-06-06T13:05:19.055+02:00  INFO 15040 --- [    Test worker] o.h.b.i.BytecodeProviderInitiator        : HHH000021: Bytecode provider name : bytebuddy
2024-06-06T13:05:19.074+02:00  INFO 15040 --- [    Test worker] o.s.o.j.p.SpringPersistenceUnitInfo      : No LoadTimeWeaver setup: ignoring JPA class transformer
2024-06-06T13:05:19.111+02:00  INFO 15040 --- [    Test worker] com.zaxxer.hikari.HikariDataSource       : HikariPool-1 - Starting...
2024-06-06T13:05:19.184+02:00  INFO 15040 --- [    Test worker] com.zaxxer.hikari.pool.HikariPool        : HikariPool-1 - Added connection com.mysql.cj.jdbc.ConnectionImpl@3c4a710c
2024-06-06T13:05:19.189+02:00  INFO 15040 --- [    Test worker] com.zaxxer.hikari.HikariDataSource       : HikariPool-1 - Start completed.
2024-06-06T13:05:19.746+02:00  INFO 15040 --- [    Test worker] o.h.b.i.BytecodeProviderInitiator        : HHH000021: Bytecode provider name : bytebuddy
2024-06-06T13:05:20.573+02:00  INFO 15040 --- [    Test worker] o.h.e.t.j.p.i.JtaPlatformInitiator       : HHH000490: Using JtaPlatform implementation: [org.hibernate.engine.transaction.jta.platform.internal.NoJtaPlatform]
2024-06-06T13:05:20.576+02:00  INFO 15040 --- [    Test worker] j.LocalContainerEntityManagerFactoryBean : Initialized JPA EntityManagerFactory for persistence unit 'default'
2024-06-06T13:05:21.611+02:00  WARN 15040 --- [    Test worker] .s.s.UserDetailsServiceAutoConfiguration : 

Using generated security password: f081dd4b-fcc1-4a27-9010-899f243c3703

This generated password is for development use only. Your security configuration must be updated before running your application in production.

2024-06-06T13:05:21.793+02:00  INFO 15040 --- [    Test worker] o.s.s.web.DefaultSecurityFilterChain     : Will secure any request with [org.springframework.security.web.session.DisableEncodeUrlFilter@10aa4100, org.springframework.security.web.context.request.async.WebAsyncManagerIntegrationFilter@23e8b346, org.springframework.security.web.context.SecurityContextHolderFilter@6becf62, org.springframework.security.web.header.HeaderWriterFilter@6ee95a0d, org.springframework.security.web.authentication.logout.LogoutFilter@6bb5c03, fontys.ind.configuration.security.auth.AuthenticationRequestFilter@1001b3b, org.springframework.security.web.savedrequest.RequestCacheAwareFilter@44cc5ecf, org.springframework.security.web.servletapi.SecurityContextHolderAwareRequestFilter@177e44ee, org.springframework.security.web.authentication.AnonymousAuthenticationFilter@611f4707, org.springframework.security.web.session.SessionManagementFilter@4783579b, org.springframework.security.web.access.ExceptionTranslationFilter@508e2c28, org.springframework.security.web.access.intercept.AuthorizationFilter@4bff11d2]
2024-06-06T13:05:22.602+02:00  INFO 15040 --- [    Test worker] o.s.b.t.m.w.SpringBootMockServletContext : Initializing Spring TestDispatcherServlet ''
2024-06-06T13:05:22.603+02:00  INFO 15040 --- [    Test worker] o.s.t.web.servlet.TestDispatcherServlet  : Initializing Servlet ''
2024-06-06T13:05:22.604+02:00  INFO 15040 --- [    Test worker] o.s.t.web.servlet.TestDispatcherServlet  : Completed initialization in 1 ms
2024-06-06T13:05:22.635+02:00  INFO 15040 --- [    Test worker] f.ind.controller.UserControllerTest      : Started UserControllerTest in 7.814 seconds (process running for 16.496)
]]></system-out>
  <system-err><![CDATA[]]></system-err>
</testsuite>
