<?xml version="1.0" encoding="UTF-8"?>
<testsuite name="fontys.ind.controller.UserControllerTest" tests="1" skipped="0" failures="0" errors="0" timestamp="2024-05-07T09:50:34" hostname="DESKTOP-88OFGPG" time="0.066">
  <properties/>
  <testcase name="getAllTrainersTest()" classname="fontys.ind.controller.UserControllerTest" time="0.066"/>
  <system-out><![CDATA[11:50:25.305 [Test worker] INFO org.springframework.test.context.support.AnnotationConfigContextLoaderUtils -- Could not detect default configuration classes for test class [fontys.ind.controller.UserControllerTest]: UserControllerTest does not declare any static, non-private, non-final, nested classes annotated with @Configuration.
11:50:25.510 [Test worker] INFO org.springframework.boot.test.context.SpringBootTestContextBootstrapper -- Found @SpringBootConfiguration fontys.ind.Main for test class fontys.ind.controller.UserControllerTest

  .   ____          _            __ _ _
 /\\ / ___'_ __ _ _(_)_ __  __ _ \ \ \ \
( ( )\___ | '_ | '_| | '_ \/ _` | \ \ \ \
 \\/  ___)| |_)| | | | | || (_| |  ) ) ) )
  '  |____| .__|_| |_|_| |_\__, | / / / /
 =========|_|==============|___/=/_/_/_/
 :: Spring Boot ::                (v3.1.3)

2024-05-07T11:50:26.393+02:00  INFO 9548 --- [    Test worker] f.ind.controller.UserControllerTest      : Starting UserControllerTest using Java 17.0.10 with PID 9548 (started by Melina in D:\CS\Version Control\GitLab\test\fitsphere-backend)
2024-05-07T11:50:26.396+02:00  INFO 9548 --- [    Test worker] f.ind.controller.UserControllerTest      : No active profile set, falling back to 1 default profile: "default"
2024-05-07T11:50:28.055+02:00  INFO 9548 --- [    Test worker] .s.d.r.c.RepositoryConfigurationDelegate : Bootstrapping Spring Data JPA repositories in DEFAULT mode.
2024-05-07T11:50:28.208+02:00  INFO 9548 --- [    Test worker] .s.d.r.c.RepositoryConfigurationDelegate : Finished Spring Data repository scanning in 135 ms. Found 5 JPA repository interfaces.
2024-05-07T11:50:29.493+02:00  INFO 9548 --- [    Test worker] o.f.c.internal.license.VersionPrinter    : Flyway Community Edition 9.16.3 by Redgate
2024-05-07T11:50:29.493+02:00  INFO 9548 --- [    Test worker] o.f.c.internal.license.VersionPrinter    : See release notes here: https://rd.gt/416ObMi
2024-05-07T11:50:29.494+02:00  INFO 9548 --- [    Test worker] o.f.c.internal.license.VersionPrinter    : 
2024-05-07T11:50:29.968+02:00  INFO 9548 --- [    Test worker] o.f.c.i.database.base.BaseDatabaseType   : Database: jdbc:mysql://localhost:3306/fitsphere (MySQL 8.0)
2024-05-07T11:50:30.037+02:00  INFO 9548 --- [    Test worker] o.f.core.internal.command.DbValidate     : Successfully validated 1 migration (execution time 00:00.034s)
2024-05-07T11:50:30.055+02:00  INFO 9548 --- [    Test worker] o.f.core.internal.command.DbMigrate      : Current version of schema `fitsphere`: 1
2024-05-07T11:50:30.056+02:00  INFO 9548 --- [    Test worker] o.f.core.internal.command.DbMigrate      : Schema `fitsphere` is up to date. No migration necessary.
2024-05-07T11:50:30.206+02:00  INFO 9548 --- [    Test worker] o.hibernate.jpa.internal.util.LogHelper  : HHH000204: Processing PersistenceUnitInfo [name: default]
2024-05-07T11:50:30.308+02:00  INFO 9548 --- [    Test worker] org.hibernate.Version                    : HHH000412: Hibernate ORM core version 6.2.7.Final
2024-05-07T11:50:30.312+02:00  INFO 9548 --- [    Test worker] org.hibernate.cfg.Environment            : HHH000406: Using bytecode reflection optimizer
2024-05-07T11:50:30.574+02:00  INFO 9548 --- [    Test worker] o.h.b.i.BytecodeProviderInitiator        : HHH000021: Bytecode provider name : bytebuddy
2024-05-07T11:50:30.592+02:00  INFO 9548 --- [    Test worker] o.s.o.j.p.SpringPersistenceUnitInfo      : No LoadTimeWeaver setup: ignoring JPA class transformer
2024-05-07T11:50:30.628+02:00  INFO 9548 --- [    Test worker] com.zaxxer.hikari.HikariDataSource       : HikariPool-1 - Starting...
2024-05-07T11:50:30.696+02:00  INFO 9548 --- [    Test worker] com.zaxxer.hikari.pool.HikariPool        : HikariPool-1 - Added connection com.mysql.cj.jdbc.ConnectionImpl@5a85fcf8
2024-05-07T11:50:30.699+02:00  INFO 9548 --- [    Test worker] com.zaxxer.hikari.HikariDataSource       : HikariPool-1 - Start completed.
2024-05-07T11:50:31.221+02:00  INFO 9548 --- [    Test worker] o.h.b.i.BytecodeProviderInitiator        : HHH000021: Bytecode provider name : bytebuddy
2024-05-07T11:50:31.996+02:00  INFO 9548 --- [    Test worker] o.h.e.t.j.p.i.JtaPlatformInitiator       : HHH000490: Using JtaPlatform implementation: [org.hibernate.engine.transaction.jta.platform.internal.NoJtaPlatform]
2024-05-07T11:50:32.002+02:00  INFO 9548 --- [    Test worker] j.LocalContainerEntityManagerFactoryBean : Initialized JPA EntityManagerFactory for persistence unit 'default'
2024-05-07T11:50:33.154+02:00  WARN 9548 --- [    Test worker] .s.s.UserDetailsServiceAutoConfiguration : 

Using generated security password: f73a6ac8-1de3-4d20-906a-5691ddad3a31

This generated password is for development use only. Your security configuration must be updated before running your application in production.

2024-05-07T11:50:33.364+02:00  INFO 9548 --- [    Test worker] o.s.s.web.DefaultSecurityFilterChain     : Will secure any request with [org.springframework.security.web.session.DisableEncodeUrlFilter@59d98859, org.springframework.security.web.context.request.async.WebAsyncManagerIntegrationFilter@46486cce, org.springframework.security.web.context.SecurityContextHolderFilter@a548a06, org.springframework.security.web.header.HeaderWriterFilter@1fd28841, org.springframework.security.web.authentication.logout.LogoutFilter@40a544df, fontys.ind.configuration.security.auth.AuthenticationRequestFilter@740e2f86, org.springframework.security.web.savedrequest.RequestCacheAwareFilter@594f9ac9, org.springframework.security.web.servletapi.SecurityContextHolderAwareRequestFilter@34a34d96, org.springframework.security.web.authentication.AnonymousAuthenticationFilter@56bb8198, org.springframework.security.web.session.SessionManagementFilter@5d160c85, org.springframework.security.web.access.ExceptionTranslationFilter@a3f99df, org.springframework.security.web.access.intercept.AuthorizationFilter@1fc009cd]
2024-05-07T11:50:34.131+02:00  INFO 9548 --- [    Test worker] o.s.b.t.m.w.SpringBootMockServletContext : Initializing Spring TestDispatcherServlet ''
2024-05-07T11:50:34.132+02:00  INFO 9548 --- [    Test worker] o.s.t.web.servlet.TestDispatcherServlet  : Initializing Servlet ''
2024-05-07T11:50:34.134+02:00  INFO 9548 --- [    Test worker] o.s.t.web.servlet.TestDispatcherServlet  : Completed initialization in 2 ms
2024-05-07T11:50:34.186+02:00  INFO 9548 --- [    Test worker] f.ind.controller.UserControllerTest      : Started UserControllerTest in 8.479 seconds (process running for 16.771)
]]></system-out>
  <system-err><![CDATA[]]></system-err>
</testsuite>
