<?xml version="1.0" encoding="UTF-8"?>
<testsuite name="s3.ind.business.converters.TrainerConverterTest" tests="4" skipped="0" failures="0" errors="0" timestamp="2024-05-01T22:59:11" hostname="DESKTOP-88OFGPG" time="0.063">
  <properties/>
  <testcase name="testToDTO_NullInput()" classname="s3.ind.business.converters.TrainerConverterTest" time="0.036"/>
  <testcase name="fromDTO()" classname="s3.ind.business.converters.TrainerConverterTest" time="0.022"/>
  <testcase name="toDTO()" classname="s3.ind.business.converters.TrainerConverterTest" time="0.001"/>
  <testcase name="testFromDTO_NullInput()" classname="s3.ind.business.converters.TrainerConverterTest" time="0.001"/>
  <system-out><![CDATA[]]></system-out>
  <system-err><![CDATA[]]></system-err>
</testsuite>
