<?xml version="1.0" encoding="UTF-8"?>
<testsuite name="fontys.ind.business.impl.UserServiceImplTest" tests="5" skipped="0" failures="0" errors="0" timestamp="2024-05-31T12:49:00" hostname="DESKTOP-88OFGPG" time="0.081">
  <properties/>
  <testcase name="createUser_WhenEmailExists_ThrowsException()" classname="fontys.ind.business.impl.UserServiceImplTest" time="0.047"/>
  <testcase name="updateUser_WhenUserNotFound_ThrowsException()" classname="fontys.ind.business.impl.UserServiceImplTest" time="0.005"/>
  <testcase name="deleteUser_DeletesUser()" classname="fontys.ind.business.impl.UserServiceImplTest" time="0.007"/>
  <testcase name="getAllUsers_ReturnsUserList()" classname="fontys.ind.business.impl.UserServiceImplTest" time="0.012"/>
  <testcase name="updateUser_WhenFound_UpdatesSuccessfully()" classname="fontys.ind.business.impl.UserServiceImplTest" time="0.004"/>
  <system-out><![CDATA[]]></system-out>
  <system-err><![CDATA[]]></system-err>
</testsuite>
