<?xml version="1.0" encoding="UTF-8"?>
<testsuite name="s3.ind.business.impl.UserServiceImplTest" tests="10" skipped="0" failures="0" errors="0" timestamp="2024-05-04T22:23:16" hostname="DESKTOP-88OFGPG" time="0.105">
  <properties/>
  <testcase name="createUser_Successful()" classname="s3.ind.business.impl.UserServiceImplTest" time="0.06"/>
  <testcase name="checkUserPermission()" classname="s3.ind.business.impl.UserServiceImplTest" time="0.003"/>
  <testcase name="getAllUsers()" classname="s3.ind.business.impl.UserServiceImplTest" time="0.003"/>
  <testcase name="updateUser()" classname="s3.ind.business.impl.UserServiceImplTest" time="0.003"/>
  <testcase name="createUser_EmailAlreadyExists()" classname="s3.ind.business.impl.UserServiceImplTest" time="0.007"/>
  <testcase name="getAllTrainers()" classname="s3.ind.business.impl.UserServiceImplTest" time="0.002"/>
  <testcase name="createTrainer()" classname="s3.ind.business.impl.UserServiceImplTest" time="0.003"/>
  <testcase name="createUser()" classname="s3.ind.business.impl.UserServiceImplTest" time="0.003"/>
  <testcase name="deleteUser()" classname="s3.ind.business.impl.UserServiceImplTest" time="0.003"/>
  <testcase name="getUserById()" classname="s3.ind.business.impl.UserServiceImplTest" time="0.003"/>
  <system-out><![CDATA[]]></system-out>
  <system-err><![CDATA[]]></system-err>
</testsuite>
