<?xml version="1.0" encoding="UTF-8"?>
<testsuite name="s3.ind.business.mappers.ClientMapperTest" tests="1" skipped="0" failures="0" errors="0" timestamp="2024-05-06T18:48:44" hostname="DESKTOP-88OFGPG" time="0.011">
  <properties/>
  <testcase name="testFromRequestToEntity()" classname="s3.ind.business.mappers.ClientMapperTest" time="0.011"/>
  <system-out><![CDATA[]]></system-out>
  <system-err><![CDATA[]]></system-err>
</testsuite>
