<?xml version="1.0" encoding="UTF-8"?>
<testsuite name="fontys.ind.configuration.security.token.impl.AccessTokenImplTest" tests="1" skipped="0" failures="0" errors="0" timestamp="2024-05-09T14:07:25" hostname="DESKTOP-88OFGPG" time="0.002">
  <properties/>
  <testcase name="testRoleHandling()" classname="fontys.ind.configuration.security.token.impl.AccessTokenImplTest" time="0.002"/>
  <system-out><![CDATA[]]></system-out>
  <system-err><![CDATA[]]></system-err>
</testsuite>
