<?xml version="1.0" encoding="UTF-8"?>
<testsuite name="s3.ind.business.impl.UserServiceImplTest" tests="1" skipped="0" failures="0" errors="0" timestamp="2024-05-06T11:45:49" hostname="DESKTOP-88OFGPG" time="2.296">
  <properties/>
  <testcase name="createUser_Successful()" classname="s3.ind.business.impl.UserServiceImplTest" time="2.296"/>
  <system-out><![CDATA[]]></system-out>
  <system-err><![CDATA[]]></system-err>
</testsuite>
