<?xml version="1.0" encoding="UTF-8"?>
<testsuite name="s3.ind.persistence.WorkoutRepositoryTest" tests="1" skipped="0" failures="0" errors="0" timestamp="2024-04-23T20:31:00" hostname="DESKTOP-88OFGPG" time="0.361">
  <properties/>
  <testcase name="existsByTitle()" classname="s3.ind.persistence.WorkoutRepositoryTest" time="0.361"/>
  <system-out><![CDATA[22:30:52.976 [Test worker] INFO org.springframework.test.context.support.AnnotationConfigContextLoaderUtils -- Could not detect default configuration classes for test class [s3.ind.persistence.WorkoutRepositoryTest]: WorkoutRepositoryTest does not declare any static, non-private, non-final, nested classes annotated with @Configuration.
22:30:53.255 [Test worker] INFO org.springframework.boot.test.context.SpringBootTestContextBootstrapper -- Found @SpringBootConfiguration s3.ind.Main for test class s3.ind.persistence.WorkoutRepositoryTest

  .   ____          _            __ _ _
 /\\ / ___'_ __ _ _(_)_ __  __ _ \ \ \ \
( ( )\___ | '_ | '_| | '_ \/ _` | \ \ \ \
 \\/  ___)| |_)| | | | | || (_| |  ) ) ) )
  '  |____| .__|_| |_|_| |_\__, | / / / /
 =========|_|==============|___/=/_/_/_/
 :: Spring Boot ::                (v3.1.3)

2024-04-23T22:30:54.145+02:00  INFO 23012 --- [    Test worker] s.ind.persistence.WorkoutRepositoryTest  : Starting WorkoutRepositoryTest using Java 17.0.10 with PID 23012 (started by Melina in D:\CS\Version Control\GitLab\test\fitsphere-backend)
2024-04-23T22:30:54.148+02:00  INFO 23012 --- [    Test worker] s.ind.persistence.WorkoutRepositoryTest  : No active profile set, falling back to 1 default profile: "default"
2024-04-23T22:30:54.986+02:00  INFO 23012 --- [    Test worker] .s.d.r.c.RepositoryConfigurationDelegate : Bootstrapping Spring Data JPA repositories in DEFAULT mode.
2024-04-23T22:30:55.159+02:00  INFO 23012 --- [    Test worker] .s.d.r.c.RepositoryConfigurationDelegate : Finished Spring Data repository scanning in 150 ms. Found 4 JPA repository interfaces.
2024-04-23T22:30:55.874+02:00  INFO 23012 --- [    Test worker] o.f.c.internal.license.VersionPrinter    : Flyway Community Edition 9.16.3 by Redgate
2024-04-23T22:30:55.874+02:00  INFO 23012 --- [    Test worker] o.f.c.internal.license.VersionPrinter    : See release notes here: https://rd.gt/416ObMi
2024-04-23T22:30:55.875+02:00  INFO 23012 --- [    Test worker] o.f.c.internal.license.VersionPrinter    : 
2024-04-23T22:30:55.895+02:00  INFO 23012 --- [    Test worker] com.zaxxer.hikari.HikariDataSource       : HikariPool-1 - Starting...
2024-04-23T22:30:56.475+02:00  INFO 23012 --- [    Test worker] com.zaxxer.hikari.pool.HikariPool        : HikariPool-1 - Added connection com.mysql.cj.jdbc.ConnectionImpl@1b0cfe11
2024-04-23T22:30:56.480+02:00  INFO 23012 --- [    Test worker] com.zaxxer.hikari.HikariDataSource       : HikariPool-1 - Start completed.
2024-04-23T22:30:56.561+02:00  INFO 23012 --- [    Test worker] o.f.c.i.database.base.BaseDatabaseType   : Database: jdbc:mysql://localhost:3306/fitsphere (MySQL 8.0)
2024-04-23T22:30:56.659+02:00  INFO 23012 --- [    Test worker] o.f.core.internal.command.DbValidate     : Successfully validated 1 migration (execution time 00:00.047s)
2024-04-23T22:30:56.689+02:00  INFO 23012 --- [    Test worker] o.f.core.internal.command.DbMigrate      : Current version of schema `fitsphere`: 1
2024-04-23T22:30:56.691+02:00  INFO 23012 --- [    Test worker] o.f.core.internal.command.DbMigrate      : Schema `fitsphere` is up to date. No migration necessary.
2024-04-23T22:30:56.873+02:00  INFO 23012 --- [    Test worker] o.hibernate.jpa.internal.util.LogHelper  : HHH000204: Processing PersistenceUnitInfo [name: default]
2024-04-23T22:30:57.014+02:00  INFO 23012 --- [    Test worker] org.hibernate.Version                    : HHH000412: Hibernate ORM core version 6.2.7.Final
2024-04-23T22:30:57.018+02:00  INFO 23012 --- [    Test worker] org.hibernate.cfg.Environment            : HHH000406: Using bytecode reflection optimizer
2024-04-23T22:30:57.328+02:00  INFO 23012 --- [    Test worker] o.h.b.i.BytecodeProviderInitiator        : HHH000021: Bytecode provider name : bytebuddy
2024-04-23T22:30:57.350+02:00  INFO 23012 --- [    Test worker] o.s.o.j.p.SpringPersistenceUnitInfo      : No LoadTimeWeaver setup: ignoring JPA class transformer
2024-04-23T22:30:57.971+02:00  INFO 23012 --- [    Test worker] o.h.b.i.BytecodeProviderInitiator        : HHH000021: Bytecode provider name : bytebuddy
2024-04-23T22:30:59.248+02:00  INFO 23012 --- [    Test worker] o.h.e.t.j.p.i.JtaPlatformInitiator       : HHH000490: Using JtaPlatform implementation: [org.hibernate.engine.transaction.jta.platform.internal.NoJtaPlatform]
2024-04-23T22:30:59.254+02:00  INFO 23012 --- [    Test worker] j.LocalContainerEntityManagerFactoryBean : Initialized JPA EntityManagerFactory for persistence unit 'default'
2024-04-23T22:31:00.051+02:00  INFO 23012 --- [    Test worker] s.ind.persistence.WorkoutRepositoryTest  : Started WorkoutRepositoryTest in 6.641 seconds (process running for 11.571)
Hibernate: insert into users (email,first_name,last_name,password,phone_number,role) values (?,?,?,?,?,?)
Hibernate: insert into trainers (bio,ig_link,profile_image_link,user_id) values (?,?,?,?)
Hibernate: insert into workouts (description,title,trainer_id) values (?,?,?)
Hibernate: select w1_0.id from workouts w1_0 where w1_0.title=? limit ?
Hibernate: select w1_0.id from workouts w1_0 where w1_0.title=? limit ?
]]></system-out>
  <system-err><![CDATA[]]></system-err>
</testsuite>
