<?xml version="1.0" encoding="UTF-8"?>
<testsuite name="fontys.ind.business.mappers.TrainerMapperTest" tests="2" skipped="0" failures="0" errors="0" timestamp="2024-05-07T08:47:17" hostname="DESKTOP-88OFGPG" time="0.008">
  <properties/>
  <testcase name="testFromResponseToEntity()" classname="fontys.ind.business.mappers.TrainerMapperTest" time="0.005"/>
  <testcase name="testFromEntityToResponse()" classname="fontys.ind.business.mappers.TrainerMapperTest" time="0.001"/>
  <system-out><![CDATA[]]></system-out>
  <system-err><![CDATA[]]></system-err>
</testsuite>
