<?xml version="1.0" encoding="UTF-8"?>
<testsuite name="fontys.ind.controller.LoginControllerTest" tests="2" skipped="0" failures="0" errors="0" timestamp="2024-05-17T11:00:13" hostname="DESKTOP-88OFGPG" time="0.394">
  <properties/>
  <testcase name="testInvalidRequest()" classname="fontys.ind.controller.LoginControllerTest" time="0.305"/>
  <testcase name="testSuccessfulLogin()" classname="fontys.ind.controller.LoginControllerTest" time="0.088"/>
  <system-out><![CDATA[2024-05-17T13:00:13.670+02:00  INFO 13908 --- [    Test worker] o.s.mock.web.MockServletContext          : Initializing Spring TestDispatcherServlet ''
2024-05-17T13:00:13.670+02:00  INFO 13908 --- [    Test worker] o.s.t.web.servlet.TestDispatcherServlet  : Initializing Servlet ''
2024-05-17T13:00:13.671+02:00  INFO 13908 --- [    Test worker] o.s.t.web.servlet.TestDispatcherServlet  : Completed initialization in 0 ms
2024-05-17T13:00:13.898+02:00  WARN 13908 --- [    Test worker] .w.s.m.s.DefaultHandlerExceptionResolver : Resolved [org.springframework.web.bind.MethodArgumentNotValidException: Validation failed for argument [0] in public org.springframework.http.ResponseEntity<fontys.ind.domain.response.LoginResponse> fontys.ind.controller.LoginController.login(fontys.ind.domain.request.LoginRequest) with 2 errors: [Field error in object 'loginRequest' on field 'email': rejected value []; codes [NotBlank.loginRequest.email,NotBlank.email,NotBlank.java.lang.String,NotBlank]; arguments [org.springframework.context.support.DefaultMessageSourceResolvable: codes [loginRequest.email,email]; arguments []; default message [email]]; default message [must not be blank]] [Field error in object 'loginRequest' on field 'password': rejected value []; codes [NotBlank.loginRequest.password,NotBlank.password,NotBlank.java.lang.String,NotBlank]; arguments [org.springframework.context.support.DefaultMessageSourceResolvable: codes [loginRequest.password,password]; arguments []; default message [password]]; default message [must not be blank]] ]
2024-05-17T13:00:13.911+02:00  INFO 13908 --- [    Test worker] o.s.mock.web.MockServletContext          : Initializing Spring TestDispatcherServlet ''
2024-05-17T13:00:13.911+02:00  INFO 13908 --- [    Test worker] o.s.t.web.servlet.TestDispatcherServlet  : Initializing Servlet ''
2024-05-17T13:00:13.912+02:00  INFO 13908 --- [    Test worker] o.s.t.web.servlet.TestDispatcherServlet  : Completed initialization in 0 ms
]]></system-out>
  <system-err><![CDATA[]]></system-err>
</testsuite>
