<?xml version="1.0" encoding="UTF-8"?>
<testsuite name="fontys.ind.controller.LoginControllerTest" tests="2" skipped="0" failures="0" errors="0" timestamp="2024-05-12T21:52:09" hostname="DESKTOP-88OFGPG" time="2.156">
  <properties/>
  <testcase name="testInvalidRequest()" classname="fontys.ind.controller.LoginControllerTest" time="2.003"/>
  <testcase name="testSuccessfulLogin()" classname="fontys.ind.controller.LoginControllerTest" time="0.153"/>
  <system-out><![CDATA[23:52:09.842 [Test worker] INFO org.hibernate.validator.internal.util.Version -- HV000001: Hibernate Validator 8.0.1.Final
23:52:10.742 [Test worker] INFO org.springframework.mock.web.MockServletContext -- Initializing Spring TestDispatcherServlet ''
23:52:10.742 [Test worker] INFO org.springframework.test.web.servlet.TestDispatcherServlet -- Initializing Servlet ''
23:52:10.749 [Test worker] INFO org.springframework.test.web.servlet.TestDispatcherServlet -- Completed initialization in 5 ms
23:52:11.280 [Test worker] WARN org.springframework.web.servlet.mvc.support.DefaultHandlerExceptionResolver -- Resolved [org.springframework.web.bind.MethodArgumentNotValidException: Validation failed for argument [0] in public org.springframework.http.ResponseEntity<fontys.ind.domain.response.LoginResponse> fontys.ind.controller.LoginController.login(fontys.ind.domain.request.LoginRequest) with 2 errors: [Field error in object 'loginRequest' on field 'password': rejected value []; codes [NotBlank.loginRequest.password,NotBlank.password,NotBlank.java.lang.String,NotBlank]; arguments [org.springframework.context.support.DefaultMessageSourceResolvable: codes [loginRequest.password,password]; arguments []; default message [password]]; default message [must not be blank]] [Field error in object 'loginRequest' on field 'email': rejected value []; codes [NotBlank.loginRequest.email,NotBlank.email,NotBlank.java.lang.String,NotBlank]; arguments [org.springframework.context.support.DefaultMessageSourceResolvable: codes [loginRequest.email,email]; arguments []; default message [email]]; default message [must not be blank]] ]
23:52:11.302 [Test worker] INFO org.springframework.mock.web.MockServletContext -- Initializing Spring TestDispatcherServlet ''
23:52:11.302 [Test worker] INFO org.springframework.test.web.servlet.TestDispatcherServlet -- Initializing Servlet ''
23:52:11.303 [Test worker] INFO org.springframework.test.web.servlet.TestDispatcherServlet -- Completed initialization in 0 ms
]]></system-out>
  <system-err><![CDATA[]]></system-err>
</testsuite>
