<?xml version="1.0" encoding="UTF-8"?>
<testsuite name="fontys.ind.controller.LoginControllerTest" tests="2" skipped="0" failures="0" errors="0" timestamp="2024-05-31T12:49:01" hostname="DESKTOP-88OFGPG" time="2.34">
  <properties/>
  <testcase name="testInvalidRequest()" classname="fontys.ind.controller.LoginControllerTest" time="2.114"/>
  <testcase name="testSuccessfulLogin()" classname="fontys.ind.controller.LoginControllerTest" time="0.225"/>
  <system-out><![CDATA[14:49:01.782 [Test worker] INFO org.hibernate.validator.internal.util.Version -- HV000001: Hibernate Validator 8.0.1.Final
14:49:02.716 [Test worker] INFO org.springframework.mock.web.MockServletContext -- Initializing Spring TestDispatcherServlet ''
14:49:02.717 [Test worker] INFO org.springframework.test.web.servlet.TestDispatcherServlet -- Initializing Servlet ''
14:49:02.727 [Test worker] INFO org.springframework.test.web.servlet.TestDispatcherServlet -- Completed initialization in 7 ms
14:49:03.433 [Test worker] WARN org.springframework.web.servlet.mvc.support.DefaultHandlerExceptionResolver -- Resolved [org.springframework.web.bind.MethodArgumentNotValidException: Validation failed for argument [0] in public org.springframework.http.ResponseEntity<fontys.ind.domain.response.LoginResponse> fontys.ind.controller.LoginController.login(fontys.ind.domain.request.LoginRequest) with 2 errors: [Field error in object 'loginRequest' on field 'password': rejected value []; codes [NotBlank.loginRequest.password,NotBlank.password,NotBlank.java.lang.String,NotBlank]; arguments [org.springframework.context.support.DefaultMessageSourceResolvable: codes [loginRequest.password,password]; arguments []; default message [password]]; default message [must not be blank]] [Field error in object 'loginRequest' on field 'email': rejected value []; codes [NotBlank.loginRequest.email,NotBlank.email,NotBlank.java.lang.String,NotBlank]; arguments [org.springframework.context.support.DefaultMessageSourceResolvable: codes [loginRequest.email,email]; arguments []; default message [email]]; default message [must not be blank]] ]
14:49:03.461 [Test worker] INFO org.springframework.mock.web.MockServletContext -- Initializing Spring TestDispatcherServlet ''
14:49:03.462 [Test worker] INFO org.springframework.test.web.servlet.TestDispatcherServlet -- Initializing Servlet ''
14:49:03.462 [Test worker] INFO org.springframework.test.web.servlet.TestDispatcherServlet -- Completed initialization in 0 ms
]]></system-out>
  <system-err><![CDATA[]]></system-err>
</testsuite>
