<?xml version="1.0" encoding="UTF-8"?>
<testsuite name="s3.ind.controller.UserControllerTest" tests="1" skipped="0" failures="0" errors="0" timestamp="2024-05-06T18:48:58" hostname="DESKTOP-88OFGPG" time="0.062">
  <properties/>
  <testcase name="getAllTrainersTest()" classname="s3.ind.controller.UserControllerTest" time="0.062"/>
  <system-out><![CDATA[20:48:49.036 [Test worker] INFO org.springframework.test.context.support.AnnotationConfigContextLoaderUtils -- Could not detect default configuration classes for test class [s3.ind.controller.UserControllerTest]: UserControllerTest does not declare any static, non-private, non-final, nested classes annotated with @Configuration.
20:48:49.272 [Test worker] INFO org.springframework.boot.test.context.SpringBootTestContextBootstrapper -- Found @SpringBootConfiguration s3.ind.Main for test class s3.ind.controller.UserControllerTest

  .   ____          _            __ _ _
 /\\ / ___'_ __ _ _(_)_ __  __ _ \ \ \ \
( ( )\___ | '_ | '_| | '_ \/ _` | \ \ \ \
 \\/  ___)| |_)| | | | | || (_| |  ) ) ) )
  '  |____| .__|_| |_|_| |_\__, | / / / /
 =========|_|==============|___/=/_/_/_/
 :: Spring Boot ::                (v3.1.3)

2024-05-06T20:48:50.103+02:00  INFO 25508 --- [    Test worker] s3.ind.controller.UserControllerTest     : Starting UserControllerTest using Java 17.0.10 with PID 25508 (started by Melina in D:\CS\Version Control\GitLab\test\fitsphere-backend)
2024-05-06T20:48:50.105+02:00  INFO 25508 --- [    Test worker] s3.ind.controller.UserControllerTest     : No active profile set, falling back to 1 default profile: "default"
2024-05-06T20:48:51.666+02:00  INFO 25508 --- [    Test worker] .s.d.r.c.RepositoryConfigurationDelegate : Bootstrapping Spring Data JPA repositories in DEFAULT mode.
2024-05-06T20:48:51.809+02:00  INFO 25508 --- [    Test worker] .s.d.r.c.RepositoryConfigurationDelegate : Finished Spring Data repository scanning in 124 ms. Found 5 JPA repository interfaces.
2024-05-06T20:48:52.960+02:00  INFO 25508 --- [    Test worker] o.f.c.internal.license.VersionPrinter    : Flyway Community Edition 9.16.3 by Redgate
2024-05-06T20:48:52.961+02:00  INFO 25508 --- [    Test worker] o.f.c.internal.license.VersionPrinter    : See release notes here: https://rd.gt/416ObMi
2024-05-06T20:48:52.961+02:00  INFO 25508 --- [    Test worker] o.f.c.internal.license.VersionPrinter    : 
2024-05-06T20:48:53.607+02:00  INFO 25508 --- [    Test worker] o.f.c.i.database.base.BaseDatabaseType   : Database: jdbc:mysql://localhost:3306/fitsphere (MySQL 8.0)
2024-05-06T20:48:53.704+02:00  INFO 25508 --- [    Test worker] o.f.core.internal.command.DbValidate     : Successfully validated 1 migration (execution time 00:00.049s)
2024-05-06T20:48:53.729+02:00  INFO 25508 --- [    Test worker] o.f.core.internal.command.DbMigrate      : Current version of schema `fitsphere`: 1
2024-05-06T20:48:53.730+02:00  INFO 25508 --- [    Test worker] o.f.core.internal.command.DbMigrate      : Schema `fitsphere` is up to date. No migration necessary.
2024-05-06T20:48:53.891+02:00  INFO 25508 --- [    Test worker] o.hibernate.jpa.internal.util.LogHelper  : HHH000204: Processing PersistenceUnitInfo [name: default]
2024-05-06T20:48:54.008+02:00  INFO 25508 --- [    Test worker] org.hibernate.Version                    : HHH000412: Hibernate ORM core version 6.2.7.Final
2024-05-06T20:48:54.012+02:00  INFO 25508 --- [    Test worker] org.hibernate.cfg.Environment            : HHH000406: Using bytecode reflection optimizer
2024-05-06T20:48:54.278+02:00  INFO 25508 --- [    Test worker] o.h.b.i.BytecodeProviderInitiator        : HHH000021: Bytecode provider name : bytebuddy
2024-05-06T20:48:54.294+02:00  INFO 25508 --- [    Test worker] o.s.o.j.p.SpringPersistenceUnitInfo      : No LoadTimeWeaver setup: ignoring JPA class transformer
2024-05-06T20:48:54.323+02:00  INFO 25508 --- [    Test worker] com.zaxxer.hikari.HikariDataSource       : HikariPool-1 - Starting...
2024-05-06T20:48:54.396+02:00  INFO 25508 --- [    Test worker] com.zaxxer.hikari.pool.HikariPool        : HikariPool-1 - Added connection com.mysql.cj.jdbc.ConnectionImpl@40194e4e
2024-05-06T20:48:54.400+02:00  INFO 25508 --- [    Test worker] com.zaxxer.hikari.HikariDataSource       : HikariPool-1 - Start completed.
2024-05-06T20:48:54.977+02:00  INFO 25508 --- [    Test worker] o.h.b.i.BytecodeProviderInitiator        : HHH000021: Bytecode provider name : bytebuddy
2024-05-06T20:48:55.956+02:00  INFO 25508 --- [    Test worker] o.h.e.t.j.p.i.JtaPlatformInitiator       : HHH000490: Using JtaPlatform implementation: [org.hibernate.engine.transaction.jta.platform.internal.NoJtaPlatform]
2024-05-06T20:48:55.960+02:00  INFO 25508 --- [    Test worker] j.LocalContainerEntityManagerFactoryBean : Initialized JPA EntityManagerFactory for persistence unit 'default'
2024-05-06T20:48:56.980+02:00  WARN 25508 --- [    Test worker] .s.s.UserDetailsServiceAutoConfiguration : 

Using generated security password: a99c60d8-c798-475e-98d3-0266a9463ae1

This generated password is for development use only. Your security configuration must be updated before running your application in production.

2024-05-06T20:48:57.147+02:00  INFO 25508 --- [    Test worker] o.s.s.web.DefaultSecurityFilterChain     : Will secure any request with [org.springframework.security.web.session.DisableEncodeUrlFilter@33f6ce71, org.springframework.security.web.context.request.async.WebAsyncManagerIntegrationFilter@2810a1d5, org.springframework.security.web.context.SecurityContextHolderFilter@11d6e3f7, org.springframework.security.web.header.HeaderWriterFilter@6e848fd1, org.springframework.security.web.authentication.logout.LogoutFilter@3b9bc8c0, s3.ind.configuration.security.auth.AuthenticationRequestFilter@6a18283e, org.springframework.security.web.savedrequest.RequestCacheAwareFilter@38f4f218, org.springframework.security.web.servletapi.SecurityContextHolderAwareRequestFilter@1e99eeaf, org.springframework.security.web.authentication.AnonymousAuthenticationFilter@15a9f940, org.springframework.security.web.session.SessionManagementFilter@71e67a9b, org.springframework.security.web.access.ExceptionTranslationFilter@50370495, org.springframework.security.web.access.intercept.AuthorizationFilter@605f745e]
2024-05-06T20:48:58.043+02:00  INFO 25508 --- [    Test worker] o.s.b.t.m.w.SpringBootMockServletContext : Initializing Spring TestDispatcherServlet ''
2024-05-06T20:48:58.043+02:00  INFO 25508 --- [    Test worker] o.s.t.web.servlet.TestDispatcherServlet  : Initializing Servlet ''
2024-05-06T20:48:58.046+02:00  INFO 25508 --- [    Test worker] o.s.t.web.servlet.TestDispatcherServlet  : Completed initialization in 2 ms
2024-05-06T20:48:58.087+02:00  INFO 25508 --- [    Test worker] s3.ind.controller.UserControllerTest     : Started UserControllerTest in 8.579 seconds (process running for 19.55)
]]></system-out>
  <system-err><![CDATA[]]></system-err>
</testsuite>
