<?xml version="1.0" encoding="UTF-8"?>
<testsuite name="fontys.ind.controller.UserControllerTest" tests="1" skipped="0" failures="0" errors="0" timestamp="2024-05-12T21:52:19" hostname="DESKTOP-88OFGPG" time="0.06">
  <properties/>
  <testcase name="getAllTrainersTest()" classname="fontys.ind.controller.UserControllerTest" time="0.06"/>
  <system-out><![CDATA[23:52:11.506 [Test worker] INFO org.springframework.test.context.support.AnnotationConfigContextLoaderUtils -- Could not detect default configuration classes for test class [fontys.ind.controller.UserControllerTest]: UserControllerTest does not declare any static, non-private, non-final, nested classes annotated with @Configuration.
23:52:11.692 [Test worker] INFO org.springframework.boot.test.context.SpringBootTestContextBootstrapper -- Found @SpringBootConfiguration fontys.ind.Main for test class fontys.ind.controller.UserControllerTest

  .   ____          _            __ _ _
 /\\ / ___'_ __ _ _(_)_ __  __ _ \ \ \ \
( ( )\___ | '_ | '_| | '_ \/ _` | \ \ \ \
 \\/  ___)| |_)| | | | | || (_| |  ) ) ) )
  '  |____| .__|_| |_|_| |_\__, | / / / /
 =========|_|==============|___/=/_/_/_/
 :: Spring Boot ::                (v3.1.3)

2024-05-12T23:52:12.334+02:00  INFO 15828 --- [    Test worker] f.ind.controller.UserControllerTest      : Starting UserControllerTest using Java 17.0.10 with PID 15828 (started by Melina in D:\CS\Version Control\GitLab\test\fitsphere-backend)
2024-05-12T23:52:12.336+02:00  INFO 15828 --- [    Test worker] f.ind.controller.UserControllerTest      : No active profile set, falling back to 1 default profile: "default"
2024-05-12T23:52:13.721+02:00  INFO 15828 --- [    Test worker] .s.d.r.c.RepositoryConfigurationDelegate : Bootstrapping Spring Data JPA repositories in DEFAULT mode.
2024-05-12T23:52:13.874+02:00  INFO 15828 --- [    Test worker] .s.d.r.c.RepositoryConfigurationDelegate : Finished Spring Data repository scanning in 137 ms. Found 6 JPA repository interfaces.
2024-05-12T23:52:14.907+02:00  INFO 15828 --- [    Test worker] o.f.c.internal.license.VersionPrinter    : Flyway Community Edition 9.16.3 by Redgate
2024-05-12T23:52:14.907+02:00  INFO 15828 --- [    Test worker] o.f.c.internal.license.VersionPrinter    : See release notes here: https://rd.gt/416ObMi
2024-05-12T23:52:14.907+02:00  INFO 15828 --- [    Test worker] o.f.c.internal.license.VersionPrinter    : 
2024-05-12T23:52:15.478+02:00  INFO 15828 --- [    Test worker] o.f.c.i.database.base.BaseDatabaseType   : Database: jdbc:mysql://localhost:3306/fitsphere (MySQL 8.0)
2024-05-12T23:52:15.554+02:00  INFO 15828 --- [    Test worker] o.f.core.internal.command.DbValidate     : Successfully validated 2 migrations (execution time 00:00.035s)
2024-05-12T23:52:15.576+02:00  INFO 15828 --- [    Test worker] o.f.core.internal.command.DbMigrate      : Current version of schema `fitsphere`: 1
2024-05-12T23:52:15.577+02:00  INFO 15828 --- [    Test worker] o.f.core.internal.command.DbMigrate      : Schema `fitsphere` is up to date. No migration necessary.
2024-05-12T23:52:15.735+02:00  INFO 15828 --- [    Test worker] o.hibernate.jpa.internal.util.LogHelper  : HHH000204: Processing PersistenceUnitInfo [name: default]
2024-05-12T23:52:15.840+02:00  INFO 15828 --- [    Test worker] org.hibernate.Version                    : HHH000412: Hibernate ORM core version 6.2.7.Final
2024-05-12T23:52:15.844+02:00  INFO 15828 --- [    Test worker] org.hibernate.cfg.Environment            : HHH000406: Using bytecode reflection optimizer
2024-05-12T23:52:16.137+02:00  INFO 15828 --- [    Test worker] o.h.b.i.BytecodeProviderInitiator        : HHH000021: Bytecode provider name : bytebuddy
2024-05-12T23:52:16.153+02:00  INFO 15828 --- [    Test worker] o.s.o.j.p.SpringPersistenceUnitInfo      : No LoadTimeWeaver setup: ignoring JPA class transformer
2024-05-12T23:52:16.186+02:00  INFO 15828 --- [    Test worker] com.zaxxer.hikari.HikariDataSource       : HikariPool-1 - Starting...
2024-05-12T23:52:16.244+02:00  INFO 15828 --- [    Test worker] com.zaxxer.hikari.pool.HikariPool        : HikariPool-1 - Added connection com.mysql.cj.jdbc.ConnectionImpl@17abf9bb
2024-05-12T23:52:16.249+02:00  INFO 15828 --- [    Test worker] com.zaxxer.hikari.HikariDataSource       : HikariPool-1 - Start completed.
2024-05-12T23:52:16.831+02:00  INFO 15828 --- [    Test worker] o.h.b.i.BytecodeProviderInitiator        : HHH000021: Bytecode provider name : bytebuddy
2024-05-12T23:52:17.634+02:00  INFO 15828 --- [    Test worker] o.h.e.t.j.p.i.JtaPlatformInitiator       : HHH000490: Using JtaPlatform implementation: [org.hibernate.engine.transaction.jta.platform.internal.NoJtaPlatform]
2024-05-12T23:52:17.637+02:00  INFO 15828 --- [    Test worker] j.LocalContainerEntityManagerFactoryBean : Initialized JPA EntityManagerFactory for persistence unit 'default'
2024-05-12T23:52:18.639+02:00  WARN 15828 --- [    Test worker] .s.s.UserDetailsServiceAutoConfiguration : 

Using generated security password: a685fe82-8cbe-439c-9dc3-6fb17ac18db1

This generated password is for development use only. Your security configuration must be updated before running your application in production.

2024-05-12T23:52:18.829+02:00  INFO 15828 --- [    Test worker] o.s.s.web.DefaultSecurityFilterChain     : Will secure any request with [org.springframework.security.web.session.DisableEncodeUrlFilter@4f8d1733, org.springframework.security.web.context.request.async.WebAsyncManagerIntegrationFilter@6534a8e7, org.springframework.security.web.context.SecurityContextHolderFilter@5e028416, org.springframework.security.web.header.HeaderWriterFilter@7f7b7e40, org.springframework.security.web.authentication.logout.LogoutFilter@4066c11c, fontys.ind.configuration.security.auth.AuthenticationRequestFilter@2604c21c, org.springframework.security.web.savedrequest.RequestCacheAwareFilter@1a23e319, org.springframework.security.web.servletapi.SecurityContextHolderAwareRequestFilter@23fe7947, org.springframework.security.web.authentication.AnonymousAuthenticationFilter@59176e9b, org.springframework.security.web.session.SessionManagementFilter@1b65a276, org.springframework.security.web.access.ExceptionTranslationFilter@3acf323e, org.springframework.security.web.access.intercept.AuthorizationFilter@573fa580]
2024-05-12T23:52:19.584+02:00  INFO 15828 --- [    Test worker] o.s.b.t.m.w.SpringBootMockServletContext : Initializing Spring TestDispatcherServlet ''
2024-05-12T23:52:19.584+02:00  INFO 15828 --- [    Test worker] o.s.t.web.servlet.TestDispatcherServlet  : Initializing Servlet ''
2024-05-12T23:52:19.586+02:00  INFO 15828 --- [    Test worker] o.s.t.web.servlet.TestDispatcherServlet  : Completed initialization in 2 ms
2024-05-12T23:52:19.618+02:00  INFO 15828 --- [    Test worker] f.ind.controller.UserControllerTest      : Started UserControllerTest in 7.75 seconds (process running for 15.688)
]]></system-out>
  <system-err><![CDATA[]]></system-err>
</testsuite>
