<?xml version="1.0" encoding="UTF-8"?>
<testsuite name="fontys.ind.business.impl.AppointmentServiceImplTest" tests="9" skipped="0" failures="0" errors="0" timestamp="2024-06-06T11:05:07" hostname="DESKTOP-88OFGPG" time="2.739">
  <properties/>
  <testcase name="createAppointment_trainerNotFound_throwsException()" classname="fontys.ind.business.impl.AppointmentServiceImplTest" time="2.615"/>
  <testcase name="deleteAppointment_appointmentNotFound()" classname="fontys.ind.business.impl.AppointmentServiceImplTest" time="0.036"/>
  <testcase name="createAppointment_workoutNotFound_throwsException()" classname="fontys.ind.business.impl.AppointmentServiceImplTest" time="0.015"/>
  <testcase name="createAppointment_successful()" classname="fontys.ind.business.impl.AppointmentServiceImplTest" time="0.018"/>
  <testcase name="deleteAppointment_successful()" classname="fontys.ind.business.impl.AppointmentServiceImplTest" time="0.006"/>
  <testcase name="testGetAllAppointmentsByUser_Success()" classname="fontys.ind.business.impl.AppointmentServiceImplTest" time="0.011"/>
  <testcase name="getAllAppointments_returnsAppointments()" classname="fontys.ind.business.impl.AppointmentServiceImplTest" time="0.006"/>
  <testcase name="getAllAppointments_noAppointments_returnsEmpty()" classname="fontys.ind.business.impl.AppointmentServiceImplTest" time="0.009"/>
  <testcase name="createAppointment_clientNotFound_throwsException()" classname="fontys.ind.business.impl.AppointmentServiceImplTest" time="0.007"/>
  <system-out><![CDATA[]]></system-out>
  <system-err><![CDATA[]]></system-err>
</testsuite>
