<?xml version="1.0" encoding="UTF-8"?>
<testsuite name="s3.ind.persistence.UserRepositoryTest" tests="2" skipped="0" failures="0" errors="0" timestamp="2024-05-04T22:30:01" hostname="DESKTOP-88OFGPG" time="0.002">
  <properties/>
  <testcase name="findById()" classname="s3.ind.persistence.UserRepositoryTest" time="0.001"/>
  <testcase name="existsById()" classname="s3.ind.persistence.UserRepositoryTest" time="0.0"/>
  <system-out><![CDATA[]]></system-out>
  <system-err><![CDATA[]]></system-err>
</testsuite>
