<?xml version="1.0" encoding="UTF-8"?>
<testsuite name="fontys.ind.controller.UserControllerTest" tests="2" skipped="0" failures="0" errors="0" timestamp="2024-06-02T10:42:35" hostname="DESKTOP-88OFGPG" time="0.107">
  <properties/>
  <testcase name="testGetUsersByRole_InvalidRole()" classname="fontys.ind.controller.UserControllerTest" time="0.081"/>
  <testcase name="getAllUsers()" classname="fontys.ind.controller.UserControllerTest" time="0.025"/>
  <system-out><![CDATA[12:42:26.079 [Test worker] INFO org.springframework.test.context.support.AnnotationConfigContextLoaderUtils -- Could not detect default configuration classes for test class [fontys.ind.controller.UserControllerTest]: UserControllerTest does not declare any static, non-private, non-final, nested classes annotated with @Configuration.
12:42:26.274 [Test worker] INFO org.springframework.boot.test.context.SpringBootTestContextBootstrapper -- Found @SpringBootConfiguration fontys.ind.Main for test class fontys.ind.controller.UserControllerTest

  .   ____          _            __ _ _
 /\\ / ___'_ __ _ _(_)_ __  __ _ \ \ \ \
( ( )\___ | '_ | '_| | '_ \/ _` | \ \ \ \
 \\/  ___)| |_)| | | | | || (_| |  ) ) ) )
  '  |____| .__|_| |_|_| |_\__, | / / / /
 =========|_|==============|___/=/_/_/_/
 :: Spring Boot ::                (v3.1.3)

2024-06-02T12:42:26.912+02:00  INFO 14796 --- [    Test worker] f.ind.controller.UserControllerTest      : Starting UserControllerTest using Java 17.0.10 with PID 14796 (started by Melina in D:\CS\Version Control\GitLab\test\fitsphere-backend)
2024-06-02T12:42:26.914+02:00  INFO 14796 --- [    Test worker] f.ind.controller.UserControllerTest      : No active profile set, falling back to 1 default profile: "default"
2024-06-02T12:42:28.291+02:00  INFO 14796 --- [    Test worker] .s.d.r.c.RepositoryConfigurationDelegate : Bootstrapping Spring Data JPA repositories in DEFAULT mode.
2024-06-02T12:42:28.436+02:00  INFO 14796 --- [    Test worker] .s.d.r.c.RepositoryConfigurationDelegate : Finished Spring Data repository scanning in 130 ms. Found 7 JPA repository interfaces.
2024-06-02T12:42:29.567+02:00  INFO 14796 --- [    Test worker] o.f.c.internal.license.VersionPrinter    : Flyway Community Edition 9.16.3 by Redgate
2024-06-02T12:42:29.568+02:00  INFO 14796 --- [    Test worker] o.f.c.internal.license.VersionPrinter    : See release notes here: https://rd.gt/416ObMi
2024-06-02T12:42:29.568+02:00  INFO 14796 --- [    Test worker] o.f.c.internal.license.VersionPrinter    : 
2024-06-02T12:42:30.206+02:00  INFO 14796 --- [    Test worker] o.f.c.i.database.base.BaseDatabaseType   : Database: jdbc:mysql://localhost:3306/fitsphere (MySQL 8.0)
2024-06-02T12:42:30.301+02:00  INFO 14796 --- [    Test worker] o.f.core.internal.command.DbMigrate      : Current version of schema `fitsphere`: 1
2024-06-02T12:42:30.303+02:00  INFO 14796 --- [    Test worker] o.f.core.internal.command.DbMigrate      : Schema `fitsphere` is up to date. No migration necessary.
2024-06-02T12:42:30.478+02:00  INFO 14796 --- [    Test worker] o.hibernate.jpa.internal.util.LogHelper  : HHH000204: Processing PersistenceUnitInfo [name: default]
2024-06-02T12:42:30.602+02:00  INFO 14796 --- [    Test worker] org.hibernate.Version                    : HHH000412: Hibernate ORM core version 6.2.7.Final
2024-06-02T12:42:30.608+02:00  INFO 14796 --- [    Test worker] org.hibernate.cfg.Environment            : HHH000406: Using bytecode reflection optimizer
2024-06-02T12:42:30.943+02:00  INFO 14796 --- [    Test worker] o.h.b.i.BytecodeProviderInitiator        : HHH000021: Bytecode provider name : bytebuddy
2024-06-02T12:42:30.963+02:00  INFO 14796 --- [    Test worker] o.s.o.j.p.SpringPersistenceUnitInfo      : No LoadTimeWeaver setup: ignoring JPA class transformer
2024-06-02T12:42:31.011+02:00  INFO 14796 --- [    Test worker] com.zaxxer.hikari.HikariDataSource       : HikariPool-1 - Starting...
2024-06-02T12:42:31.094+02:00  INFO 14796 --- [    Test worker] com.zaxxer.hikari.pool.HikariPool        : HikariPool-1 - Added connection com.mysql.cj.jdbc.ConnectionImpl@3c4a710c
2024-06-02T12:42:31.097+02:00  INFO 14796 --- [    Test worker] com.zaxxer.hikari.HikariDataSource       : HikariPool-1 - Start completed.
2024-06-02T12:42:31.935+02:00  INFO 14796 --- [    Test worker] o.h.b.i.BytecodeProviderInitiator        : HHH000021: Bytecode provider name : bytebuddy
2024-06-02T12:42:33.125+02:00  INFO 14796 --- [    Test worker] o.h.e.t.j.p.i.JtaPlatformInitiator       : HHH000490: Using JtaPlatform implementation: [org.hibernate.engine.transaction.jta.platform.internal.NoJtaPlatform]
2024-06-02T12:42:33.132+02:00  INFO 14796 --- [    Test worker] j.LocalContainerEntityManagerFactoryBean : Initialized JPA EntityManagerFactory for persistence unit 'default'
2024-06-02T12:42:34.248+02:00  WARN 14796 --- [    Test worker] .s.s.UserDetailsServiceAutoConfiguration : 

Using generated security password: 121d5a26-a0d1-4429-b9f3-d710f149e883

This generated password is for development use only. Your security configuration must be updated before running your application in production.

2024-06-02T12:42:34.438+02:00  INFO 14796 --- [    Test worker] o.s.s.web.DefaultSecurityFilterChain     : Will secure any request with [org.springframework.security.web.session.DisableEncodeUrlFilter@78546589, org.springframework.security.web.context.request.async.WebAsyncManagerIntegrationFilter@1e408b46, org.springframework.security.web.context.SecurityContextHolderFilter@674b5cbc, org.springframework.security.web.header.HeaderWriterFilter@ebbab4b, org.springframework.security.web.authentication.logout.LogoutFilter@58d4b10d, fontys.ind.configuration.security.auth.AuthenticationRequestFilter@1001b3b, org.springframework.security.web.savedrequest.RequestCacheAwareFilter@79ce0190, org.springframework.security.web.servletapi.SecurityContextHolderAwareRequestFilter@1c726373, org.springframework.security.web.authentication.AnonymousAuthenticationFilter@5fcc0f6, org.springframework.security.web.session.SessionManagementFilter@5bdc7fa1, org.springframework.security.web.access.ExceptionTranslationFilter@4783579b, org.springframework.security.web.access.intercept.AuthorizationFilter@23e8b346]
2024-06-02T12:42:35.257+02:00  INFO 14796 --- [    Test worker] o.s.b.t.m.w.SpringBootMockServletContext : Initializing Spring TestDispatcherServlet ''
2024-06-02T12:42:35.258+02:00  INFO 14796 --- [    Test worker] o.s.t.web.servlet.TestDispatcherServlet  : Initializing Servlet ''
2024-06-02T12:42:35.258+02:00  INFO 14796 --- [    Test worker] o.s.t.web.servlet.TestDispatcherServlet  : Completed initialization in 0 ms
2024-06-02T12:42:35.282+02:00  INFO 14796 --- [    Test worker] f.ind.controller.UserControllerTest      : Started UserControllerTest in 8.839 seconds (process running for 16.827)
]]></system-out>
  <system-err><![CDATA[]]></system-err>
</testsuite>
