<?xml version="1.0" encoding="UTF-8"?>
<testsuite name="s3.ind.business.converters.WorkoutConverterTest" tests="4" skipped="0" failures="0" errors="0" timestamp="2024-04-23T20:30:50" hostname="DESKTOP-88OFGPG" time="1.681">
  <properties/>
  <testcase name="testToDTO_NullInput()" classname="s3.ind.business.converters.WorkoutConverterTest" time="1.523"/>
  <testcase name="fromDTO()" classname="s3.ind.business.converters.WorkoutConverterTest" time="0.137"/>
  <testcase name="toDTO()" classname="s3.ind.business.converters.WorkoutConverterTest" time="0.004"/>
  <testcase name="testFromDTO_NullInput()" classname="s3.ind.business.converters.WorkoutConverterTest" time="0.002"/>
  <system-out><![CDATA[]]></system-out>
  <system-err><![CDATA[]]></system-err>
</testsuite>
