<?xml version="1.0" encoding="UTF-8"?>
<testsuite name="s3.ind.configuration.security.token.impl.AccessTokenImplTest" tests="1" skipped="0" failures="0" errors="0" timestamp="2024-04-28T10:35:26" hostname="DESKTOP-88OFGPG" time="0.003">
  <properties/>
  <testcase name="testRoleHandling()" classname="s3.ind.configuration.security.token.impl.AccessTokenImplTest" time="0.003"/>
  <system-out><![CDATA[]]></system-out>
  <system-err><![CDATA[]]></system-err>
</testsuite>
