<?xml version="1.0" encoding="UTF-8"?>
<testsuite name="fontys.ind.business.impl.UserServiceImplTest" tests="5" skipped="0" failures="0" errors="0" timestamp="2024-05-08T11:58:32" hostname="DESKTOP-88OFGPG" time="0.102">
  <properties/>
  <testcase name="createUser_WhenEmailExists_ThrowsException()" classname="fontys.ind.business.impl.UserServiceImplTest" time="0.058"/>
  <testcase name="updateUser_WhenUserNotFound_ThrowsException()" classname="fontys.ind.business.impl.UserServiceImplTest" time="0.007"/>
  <testcase name="deleteUser_DeletesUser()" classname="fontys.ind.business.impl.UserServiceImplTest" time="0.009"/>
  <testcase name="getAllUsers_ReturnsUserList()" classname="fontys.ind.business.impl.UserServiceImplTest" time="0.015"/>
  <testcase name="updateUser_WhenFound_UpdatesSuccessfully()" classname="fontys.ind.business.impl.UserServiceImplTest" time="0.006"/>
  <system-out><![CDATA[]]></system-out>
  <system-err><![CDATA[]]></system-err>
</testsuite>
