<?xml version="1.0" encoding="UTF-8"?>
<testsuite name="fontys.ind.controller.UserControllerTest" tests="2" skipped="0" failures="0" errors="0" timestamp="2024-05-17T11:00:16" hostname="DESKTOP-88OFGPG" time="0.077">
  <properties/>
  <testcase name="testGetUsersByRole_InvalidRole()" classname="fontys.ind.controller.UserControllerTest" time="0.054"/>
  <testcase name="getAllUsers()" classname="fontys.ind.controller.UserControllerTest" time="0.021"/>
  <system-out><![CDATA[2024-05-17T13:00:13.998+02:00  INFO 13908 --- [    Test worker] t.c.s.AnnotationConfigContextLoaderUtils : Could not detect default configuration classes for test class [fontys.ind.controller.UserControllerTest]: UserControllerTest does not declare any static, non-private, non-final, nested classes annotated with @Configuration.
2024-05-17T13:00:14.034+02:00  INFO 13908 --- [    Test worker] .b.t.c.SpringBootTestContextBootstrapper : Found @SpringBootConfiguration fontys.ind.Main for test class fontys.ind.controller.UserControllerTest

  .   ____          _            __ _ _
 /\\ / ___'_ __ _ _(_)_ __  __ _ \ \ \ \
( ( )\___ | '_ | '_| | '_ \/ _` | \ \ \ \
 \\/  ___)| |_)| | | | | || (_| |  ) ) ) )
  '  |____| .__|_| |_|_| |_\__, | / / / /
 =========|_|==============|___/=/_/_/_/
 :: Spring Boot ::                (v3.1.3)

2024-05-17T13:00:14.072+02:00  INFO 13908 --- [    Test worker] f.ind.controller.UserControllerTest      : Starting UserControllerTest using Java 17.0.10 with PID 13908 (started by Melina in D:\CS\Version Control\GitLab\test\fitsphere-backend)
2024-05-17T13:00:14.072+02:00  INFO 13908 --- [    Test worker] f.ind.controller.UserControllerTest      : No active profile set, falling back to 1 default profile: "default"
2024-05-17T13:00:14.380+02:00  INFO 13908 --- [    Test worker] .s.d.r.c.RepositoryConfigurationDelegate : Bootstrapping Spring Data JPA repositories in DEFAULT mode.
2024-05-17T13:00:14.431+02:00  INFO 13908 --- [    Test worker] .s.d.r.c.RepositoryConfigurationDelegate : Finished Spring Data repository scanning in 50 ms. Found 6 JPA repository interfaces.
2024-05-17T13:00:14.723+02:00  INFO 13908 --- [    Test worker] o.f.c.i.database.base.BaseDatabaseType   : Database: jdbc:mysql://localhost:3306/fitsphere (MySQL 8.0)
2024-05-17T13:00:14.765+02:00  INFO 13908 --- [    Test worker] o.f.core.internal.command.DbMigrate      : Current version of schema `fitsphere`: 1
2024-05-17T13:00:14.768+02:00  INFO 13908 --- [    Test worker] o.f.core.internal.command.DbMigrate      : Schema `fitsphere` is up to date. No migration necessary.
2024-05-17T13:00:14.826+02:00  INFO 13908 --- [    Test worker] o.hibernate.jpa.internal.util.LogHelper  : HHH000204: Processing PersistenceUnitInfo [name: default]
2024-05-17T13:00:14.839+02:00  INFO 13908 --- [    Test worker] o.h.b.i.BytecodeProviderInitiator        : HHH000021: Bytecode provider name : bytebuddy
2024-05-17T13:00:14.840+02:00  INFO 13908 --- [    Test worker] o.s.o.j.p.SpringPersistenceUnitInfo      : No LoadTimeWeaver setup: ignoring JPA class transformer
2024-05-17T13:00:14.841+02:00  INFO 13908 --- [    Test worker] com.zaxxer.hikari.HikariDataSource       : HikariPool-2 - Starting...
2024-05-17T13:00:14.868+02:00  INFO 13908 --- [    Test worker] com.zaxxer.hikari.pool.HikariPool        : HikariPool-2 - Added connection com.mysql.cj.jdbc.ConnectionImpl@5911172d
2024-05-17T13:00:14.868+02:00  INFO 13908 --- [    Test worker] com.zaxxer.hikari.HikariDataSource       : HikariPool-2 - Start completed.
2024-05-17T13:00:14.918+02:00  INFO 13908 --- [    Test worker] o.h.b.i.BytecodeProviderInitiator        : HHH000021: Bytecode provider name : bytebuddy
2024-05-17T13:00:15.123+02:00  INFO 13908 --- [    Test worker] o.h.e.t.j.p.i.JtaPlatformInitiator       : HHH000490: Using JtaPlatform implementation: [org.hibernate.engine.transaction.jta.platform.internal.NoJtaPlatform]
2024-05-17T13:00:15.123+02:00  INFO 13908 --- [    Test worker] j.LocalContainerEntityManagerFactoryBean : Initialized JPA EntityManagerFactory for persistence unit 'default'
2024-05-17T13:00:15.572+02:00  WARN 13908 --- [    Test worker] .s.s.UserDetailsServiceAutoConfiguration : 

Using generated security password: 5e7f322e-c9fb-4858-9c1b-cddc5dfeabc9

This generated password is for development use only. Your security configuration must be updated before running your application in production.

2024-05-17T13:00:15.638+02:00  INFO 13908 --- [    Test worker] o.s.s.web.DefaultSecurityFilterChain     : Will secure any request with [org.springframework.security.web.session.DisableEncodeUrlFilter@7a294c74, org.springframework.security.web.context.request.async.WebAsyncManagerIntegrationFilter@44c37ea, org.springframework.security.web.context.SecurityContextHolderFilter@716fba1b, org.springframework.security.web.header.HeaderWriterFilter@48572869, org.springframework.security.web.authentication.logout.LogoutFilter@4ce65fa4, fontys.ind.configuration.security.auth.AuthenticationRequestFilter@786b0868, org.springframework.security.web.savedrequest.RequestCacheAwareFilter@3feeae13, org.springframework.security.web.servletapi.SecurityContextHolderAwareRequestFilter@4e0bdde7, org.springframework.security.web.authentication.AnonymousAuthenticationFilter@151ff368, org.springframework.security.web.session.SessionManagementFilter@1163f66f, org.springframework.security.web.access.ExceptionTranslationFilter@6c644560, org.springframework.security.web.access.intercept.AuthorizationFilter@1646ffd9]
2024-05-17T13:00:16.145+02:00  INFO 13908 --- [    Test worker] o.s.b.t.m.w.SpringBootMockServletContext : Initializing Spring TestDispatcherServlet ''
2024-05-17T13:00:16.145+02:00  INFO 13908 --- [    Test worker] o.s.t.web.servlet.TestDispatcherServlet  : Initializing Servlet ''
2024-05-17T13:00:16.146+02:00  INFO 13908 --- [    Test worker] o.s.t.web.servlet.TestDispatcherServlet  : Completed initialization in 1 ms
2024-05-17T13:00:16.160+02:00  INFO 13908 --- [    Test worker] f.ind.controller.UserControllerTest      : Started UserControllerTest in 2.118 seconds (process running for 23.047)
]]></system-out>
  <system-err><![CDATA[]]></system-err>
</testsuite>
