<?xml version="1.0" encoding="UTF-8"?>
<testsuite name="s3.ind.business.converters.WorkoutConverterTest" tests="4" skipped="0" failures="0" errors="0" timestamp="2024-05-01T22:59:11" hostname="DESKTOP-88OFGPG" time="1.66">
  <properties/>
  <testcase name="testToDTO_NullInput()" classname="s3.ind.business.converters.WorkoutConverterTest" time="1.494"/>
  <testcase name="fromDTO()" classname="s3.ind.business.converters.WorkoutConverterTest" time="0.148"/>
  <testcase name="toDTO()" classname="s3.ind.business.converters.WorkoutConverterTest" time="0.003"/>
  <testcase name="testFromDTO_NullInput()" classname="s3.ind.business.converters.WorkoutConverterTest" time="0.002"/>
  <system-out><![CDATA[]]></system-out>
  <system-err><![CDATA[]]></system-err>
</testsuite>
