<?xml version="1.0" encoding="UTF-8"?>
<testsuite name="fontys.ind.business.impl.LoginUseCaseImplTest" tests="3" skipped="0" failures="0" errors="0" timestamp="2024-05-13T09:14:30" hostname="DESKTOP-88OFGPG" time="0.494">
  <properties/>
  <testcase name="whenCredentialsAreInvalid_thenThrowsInvalidCredentialsException()" classname="fontys.ind.business.impl.LoginUseCaseImplTest" time="0.458"/>
  <testcase name="whenUserNotFound_thenThrowsInvalidCredentialsException()" classname="fontys.ind.business.impl.LoginUseCaseImplTest" time="0.008"/>
  <testcase name="whenLoginIsSuccessful_thenReturnsAccessToken()" classname="fontys.ind.business.impl.LoginUseCaseImplTest" time="0.024"/>
  <system-out><![CDATA[]]></system-out>
  <system-err><![CDATA[]]></system-err>
</testsuite>
