<?xml version="1.0" encoding="UTF-8"?>
<testsuite name="s3.ind.business.converters.WorkoutConverterTest" tests="4" skipped="0" failures="0" errors="0" timestamp="2024-04-28T10:35:23" hostname="DESKTOP-88OFGPG" time="1.706">
  <properties/>
  <testcase name="testToDTO_NullInput()" classname="s3.ind.business.converters.WorkoutConverterTest" time="1.551"/>
  <testcase name="fromDTO()" classname="s3.ind.business.converters.WorkoutConverterTest" time="0.141"/>
  <testcase name="toDTO()" classname="s3.ind.business.converters.WorkoutConverterTest" time="0.003"/>
  <testcase name="testFromDTO_NullInput()" classname="s3.ind.business.converters.WorkoutConverterTest" time="0.001"/>
  <system-out><![CDATA[]]></system-out>
  <system-err><![CDATA[]]></system-err>
</testsuite>
