<?xml version="1.0" encoding="UTF-8"?>
<testsuite name="fontys.ind.business.impl.UserServiceImplTest" tests="5" skipped="0" failures="0" errors="0" timestamp="2024-05-12T21:52:08" hostname="DESKTOP-88OFGPG" time="0.083">
  <properties/>
  <testcase name="createUser_WhenEmailExists_ThrowsException()" classname="fontys.ind.business.impl.UserServiceImplTest" time="0.044"/>
  <testcase name="updateUser_WhenUserNotFound_ThrowsException()" classname="fontys.ind.business.impl.UserServiceImplTest" time="0.006"/>
  <testcase name="deleteUser_DeletesUser()" classname="fontys.ind.business.impl.UserServiceImplTest" time="0.008"/>
  <testcase name="getAllUsers_ReturnsUserList()" classname="fontys.ind.business.impl.UserServiceImplTest" time="0.016"/>
  <testcase name="updateUser_WhenFound_UpdatesSuccessfully()" classname="fontys.ind.business.impl.UserServiceImplTest" time="0.003"/>
  <system-out><![CDATA[]]></system-out>
  <system-err><![CDATA[]]></system-err>
</testsuite>
