<?xml version="1.0" encoding="UTF-8"?>
<testsuite name="fontys.ind.business.impl.LoginUseCaseImplTest" tests="3" skipped="0" failures="0" errors="0" timestamp="2024-05-08T11:58:31" hostname="DESKTOP-88OFGPG" time="0.607">
  <properties/>
  <testcase name="whenCredentialsAreInvalid_thenThrowsInvalidCredentialsException()" classname="fontys.ind.business.impl.LoginUseCaseImplTest" time="0.573"/>
  <testcase name="whenUserNotFound_thenThrowsInvalidCredentialsException()" classname="fontys.ind.business.impl.LoginUseCaseImplTest" time="0.008"/>
  <testcase name="whenLoginIsSuccessful_thenReturnsAccessToken()" classname="fontys.ind.business.impl.LoginUseCaseImplTest" time="0.02"/>
  <system-out><![CDATA[]]></system-out>
  <system-err><![CDATA[]]></system-err>
</testsuite>
