<?xml version="1.0" encoding="UTF-8"?>
<testsuite name="s3.ind.persistence.WorkoutRepositoryTest" tests="1" skipped="0" failures="0" errors="0" timestamp="2024-05-06T08:58:09" hostname="DESKTOP-88OFGPG" time="0.364">
  <properties/>
  <testcase name="existsByTitle()" classname="s3.ind.persistence.WorkoutRepositoryTest" time="0.364"/>
  <system-out><![CDATA[2024-05-06T10:58:08.333+02:00  INFO 21648 --- [    Test worker] t.c.s.AnnotationConfigContextLoaderUtils : Could not detect default configuration classes for test class [s3.ind.persistence.WorkoutRepositoryTest]: WorkoutRepositoryTest does not declare any static, non-private, non-final, nested classes annotated with @Configuration.
2024-05-06T10:58:08.358+02:00  INFO 21648 --- [    Test worker] .b.t.c.SpringBootTestContextBootstrapper : Found @SpringBootConfiguration s3.ind.Main for test class s3.ind.persistence.WorkoutRepositoryTest

  .   ____          _            __ _ _
 /\\ / ___'_ __ _ _(_)_ __  __ _ \ \ \ \
( ( )\___ | '_ | '_| | '_ \/ _` | \ \ \ \
 \\/  ___)| |_)| | | | | || (_| |  ) ) ) )
  '  |____| .__|_| |_|_| |_\__, | / / / /
 =========|_|==============|___/=/_/_/_/
 :: Spring Boot ::                (v3.1.3)

2024-05-06T10:58:08.391+02:00  INFO 21648 --- [    Test worker] s.ind.persistence.WorkoutRepositoryTest  : Starting WorkoutRepositoryTest using Java 17.0.10 with PID 21648 (started by Melina in D:\CS\Version Control\GitLab\test\fitsphere-backend)
2024-05-06T10:58:08.392+02:00  INFO 21648 --- [    Test worker] s.ind.persistence.WorkoutRepositoryTest  : No active profile set, falling back to 1 default profile: "default"
2024-05-06T10:58:08.608+02:00  INFO 21648 --- [    Test worker] .s.d.r.c.RepositoryConfigurationDelegate : Bootstrapping Spring Data JPA repositories in DEFAULT mode.
2024-05-06T10:58:08.663+02:00  INFO 21648 --- [    Test worker] .s.d.r.c.RepositoryConfigurationDelegate : Finished Spring Data repository scanning in 53 ms. Found 5 JPA repository interfaces.
2024-05-06T10:58:08.794+02:00  INFO 21648 --- [    Test worker] o.f.c.i.database.base.BaseDatabaseType   : Database: jdbc:mysql://localhost:3306/fitsphere (MySQL 8.0)
2024-05-06T10:58:08.819+02:00  INFO 21648 --- [    Test worker] o.f.core.internal.command.DbValidate     : Successfully validated 1 migration (execution time 00:00.011s)
2024-05-06T10:58:08.835+02:00  INFO 21648 --- [    Test worker] o.f.core.internal.command.DbMigrate      : Current version of schema `fitsphere`: 1
2024-05-06T10:58:08.836+02:00  INFO 21648 --- [    Test worker] o.f.core.internal.command.DbMigrate      : Schema `fitsphere` is up to date. No migration necessary.
2024-05-06T10:58:08.859+02:00  INFO 21648 --- [    Test worker] o.hibernate.jpa.internal.util.LogHelper  : HHH000204: Processing PersistenceUnitInfo [name: default]
2024-05-06T10:58:08.867+02:00  INFO 21648 --- [    Test worker] o.h.b.i.BytecodeProviderInitiator        : HHH000021: Bytecode provider name : bytebuddy
2024-05-06T10:58:08.868+02:00  INFO 21648 --- [    Test worker] o.s.o.j.p.SpringPersistenceUnitInfo      : No LoadTimeWeaver setup: ignoring JPA class transformer
2024-05-06T10:58:08.869+02:00  INFO 21648 --- [    Test worker] com.zaxxer.hikari.HikariDataSource       : HikariPool-2 - Starting...
2024-05-06T10:58:08.888+02:00  INFO 21648 --- [    Test worker] com.zaxxer.hikari.pool.HikariPool        : HikariPool-2 - Added connection com.mysql.cj.jdbc.ConnectionImpl@24389d91
2024-05-06T10:58:08.888+02:00  INFO 21648 --- [    Test worker] com.zaxxer.hikari.HikariDataSource       : HikariPool-2 - Start completed.
2024-05-06T10:58:08.915+02:00  INFO 21648 --- [    Test worker] o.h.b.i.BytecodeProviderInitiator        : HHH000021: Bytecode provider name : bytebuddy
2024-05-06T10:58:09.114+02:00  INFO 21648 --- [    Test worker] o.h.e.t.j.p.i.JtaPlatformInitiator       : HHH000490: Using JtaPlatform implementation: [org.hibernate.engine.transaction.jta.platform.internal.NoJtaPlatform]
2024-05-06T10:58:09.115+02:00  INFO 21648 --- [    Test worker] j.LocalContainerEntityManagerFactoryBean : Initialized JPA EntityManagerFactory for persistence unit 'default'
2024-05-06T10:58:09.239+02:00  INFO 21648 --- [    Test worker] s.ind.persistence.WorkoutRepositoryTest  : Started WorkoutRepositoryTest in 0.878 seconds (process running for 18.456)
Hibernate: insert into users (email,first_name,last_name,password,role) values (?,?,?,?,?)
Hibernate: insert into trainers (bio,ig_link,profile_image_link,user_id) values (?,?,?,?)
Hibernate: insert into workouts (description,title,trainer_id) values (?,?,?)
Hibernate: select w1_0.id from workouts w1_0 where w1_0.title=? limit ?
Hibernate: select w1_0.id from workouts w1_0 where w1_0.title=? limit ?
]]></system-out>
  <system-err><![CDATA[]]></system-err>
</testsuite>
