<?xml version="1.0" encoding="UTF-8"?>
<testsuite name="fontys.ind.business.impl.AppointmentServiceImplTest" tests="9" skipped="0" failures="0" errors="0" timestamp="2024-06-02T10:42:20" hostname="DESKTOP-88OFGPG" time="2.487">
  <properties/>
  <testcase name="createAppointment_trainerNotFound_throwsException()" classname="fontys.ind.business.impl.AppointmentServiceImplTest" time="2.38"/>
  <testcase name="deleteAppointment_appointmentNotFound()" classname="fontys.ind.business.impl.AppointmentServiceImplTest" time="0.026"/>
  <testcase name="createAppointment_workoutNotFound_throwsException()" classname="fontys.ind.business.impl.AppointmentServiceImplTest" time="0.016"/>
  <testcase name="createAppointment_successful()" classname="fontys.ind.business.impl.AppointmentServiceImplTest" time="0.017"/>
  <testcase name="deleteAppointment_successful()" classname="fontys.ind.business.impl.AppointmentServiceImplTest" time="0.006"/>
  <testcase name="testGetAllAppointmentsByUser_Success()" classname="fontys.ind.business.impl.AppointmentServiceImplTest" time="0.012"/>
  <testcase name="getAllAppointments_returnsAppointments()" classname="fontys.ind.business.impl.AppointmentServiceImplTest" time="0.006"/>
  <testcase name="getAllAppointments_noAppointments_returnsEmpty()" classname="fontys.ind.business.impl.AppointmentServiceImplTest" time="0.006"/>
  <testcase name="createAppointment_clientNotFound_throwsException()" classname="fontys.ind.business.impl.AppointmentServiceImplTest" time="0.005"/>
  <system-out><![CDATA[]]></system-out>
  <system-err><![CDATA[]]></system-err>
</testsuite>
