<?xml version="1.0" encoding="UTF-8"?>
<testsuite name="s3.ind.persistence.converters.TrainerEntityConverterTest" tests="4" skipped="0" failures="0" errors="0" timestamp="2024-05-01T22:59:23" hostname="DESKTOP-88OFGPG" time="0.003">
  <properties/>
  <testcase name="testFromEntity_NullInput()" classname="s3.ind.persistence.converters.TrainerEntityConverterTest" time="0.001"/>
  <testcase name="fromEntity()" classname="s3.ind.persistence.converters.TrainerEntityConverterTest" time="0.001"/>
  <testcase name="testToEntity_NullInput()" classname="s3.ind.persistence.converters.TrainerEntityConverterTest" time="0.0"/>
  <testcase name="toEntity()" classname="s3.ind.persistence.converters.TrainerEntityConverterTest" time="0.0"/>
  <system-out><![CDATA[]]></system-out>
  <system-err><![CDATA[]]></system-err>
</testsuite>
