<?xml version="1.0" encoding="UTF-8"?>
<testsuite name="fontys.ind.business.mappers.ClientMapperTest" tests="1" skipped="0" failures="0" errors="0" timestamp="2024-05-07T09:50:22" hostname="DESKTOP-88OFGPG" time="0.004">
  <properties/>
  <testcase name="testFromRequestToEntity()" classname="fontys.ind.business.mappers.ClientMapperTest" time="0.004"/>
  <system-out><![CDATA[]]></system-out>
  <system-err><![CDATA[]]></system-err>
</testsuite>
