<?xml version="1.0" encoding="UTF-8"?>
<testsuite name="fontys.ind.business.mappers.UserMapperTest" tests="2" skipped="0" failures="0" errors="0" timestamp="2024-05-07T09:50:22" hostname="DESKTOP-88OFGPG" time="0.003">
  <properties/>
  <testcase name="testFromResponseToEntity()" classname="fontys.ind.business.mappers.UserMapperTest" time="0.002"/>
  <testcase name="testFromEntityToResponse()" classname="fontys.ind.business.mappers.UserMapperTest" time="0.0"/>
  <system-out><![CDATA[]]></system-out>
  <system-err><![CDATA[]]></system-err>
</testsuite>
