<?xml version="1.0" encoding="UTF-8"?>
<testsuite name="fontys.ind.controller.UserControllerTest" tests="1" skipped="0" failures="0" errors="0" timestamp="2024-05-13T09:14:45" hostname="DESKTOP-88OFGPG" time="0.066">
  <properties/>
  <testcase name="getAllTrainersTest()" classname="fontys.ind.controller.UserControllerTest" time="0.066"/>
  <system-out><![CDATA[11:14:34.926 [Test worker] INFO org.springframework.test.context.support.AnnotationConfigContextLoaderUtils -- Could not detect default configuration classes for test class [fontys.ind.controller.UserControllerTest]: UserControllerTest does not declare any static, non-private, non-final, nested classes annotated with @Configuration.
11:14:35.142 [Test worker] INFO org.springframework.boot.test.context.SpringBootTestContextBootstrapper -- Found @SpringBootConfiguration fontys.ind.Main for test class fontys.ind.controller.UserControllerTest

  .   ____          _            __ _ _
 /\\ / ___'_ __ _ _(_)_ __  __ _ \ \ \ \
( ( )\___ | '_ | '_| | '_ \/ _` | \ \ \ \
 \\/  ___)| |_)| | | | | || (_| |  ) ) ) )
  '  |____| .__|_| |_|_| |_\__, | / / / /
 =========|_|==============|___/=/_/_/_/
 :: Spring Boot ::                (v3.1.3)

2024-05-13T11:14:35.842+02:00  INFO 23136 --- [    Test worker] f.ind.controller.UserControllerTest      : Starting UserControllerTest using Java 17.0.10 with PID 23136 (started by Melina in D:\CS\Version Control\GitLab\test\fitsphere-backend)
2024-05-13T11:14:35.845+02:00  INFO 23136 --- [    Test worker] f.ind.controller.UserControllerTest      : No active profile set, falling back to 1 default profile: "default"
2024-05-13T11:14:37.417+02:00  INFO 23136 --- [    Test worker] .s.d.r.c.RepositoryConfigurationDelegate : Bootstrapping Spring Data JPA repositories in DEFAULT mode.
2024-05-13T11:14:37.654+02:00  INFO 23136 --- [    Test worker] .s.d.r.c.RepositoryConfigurationDelegate : Finished Spring Data repository scanning in 213 ms. Found 6 JPA repository interfaces.
2024-05-13T11:14:38.954+02:00  INFO 23136 --- [    Test worker] o.f.c.internal.license.VersionPrinter    : Flyway Community Edition 9.16.3 by Redgate
2024-05-13T11:14:38.954+02:00  INFO 23136 --- [    Test worker] o.f.c.internal.license.VersionPrinter    : See release notes here: https://rd.gt/416ObMi
2024-05-13T11:14:38.955+02:00  INFO 23136 --- [    Test worker] o.f.c.internal.license.VersionPrinter    : 
2024-05-13T11:14:39.556+02:00  INFO 23136 --- [    Test worker] o.f.c.i.database.base.BaseDatabaseType   : Database: jdbc:mysql://localhost:3306/fitsphere (MySQL 8.0)
2024-05-13T11:14:39.643+02:00  INFO 23136 --- [    Test worker] o.f.core.internal.command.DbMigrate      : Current version of schema `fitsphere`: 1
2024-05-13T11:14:39.645+02:00  INFO 23136 --- [    Test worker] o.f.core.internal.command.DbMigrate      : Schema `fitsphere` is up to date. No migration necessary.
2024-05-13T11:14:39.845+02:00  INFO 23136 --- [    Test worker] o.hibernate.jpa.internal.util.LogHelper  : HHH000204: Processing PersistenceUnitInfo [name: default]
2024-05-13T11:14:39.994+02:00  INFO 23136 --- [    Test worker] org.hibernate.Version                    : HHH000412: Hibernate ORM core version 6.2.7.Final
2024-05-13T11:14:39.999+02:00  INFO 23136 --- [    Test worker] org.hibernate.cfg.Environment            : HHH000406: Using bytecode reflection optimizer
2024-05-13T11:14:40.301+02:00  INFO 23136 --- [    Test worker] o.h.b.i.BytecodeProviderInitiator        : HHH000021: Bytecode provider name : bytebuddy
2024-05-13T11:14:40.315+02:00  INFO 23136 --- [    Test worker] o.s.o.j.p.SpringPersistenceUnitInfo      : No LoadTimeWeaver setup: ignoring JPA class transformer
2024-05-13T11:14:40.348+02:00  INFO 23136 --- [    Test worker] com.zaxxer.hikari.HikariDataSource       : HikariPool-1 - Starting...
2024-05-13T11:14:40.469+02:00  INFO 23136 --- [    Test worker] com.zaxxer.hikari.pool.HikariPool        : HikariPool-1 - Added connection com.mysql.cj.jdbc.ConnectionImpl@53b17c1f
2024-05-13T11:14:40.476+02:00  INFO 23136 --- [    Test worker] com.zaxxer.hikari.HikariDataSource       : HikariPool-1 - Start completed.
2024-05-13T11:14:41.353+02:00  INFO 23136 --- [    Test worker] o.h.b.i.BytecodeProviderInitiator        : HHH000021: Bytecode provider name : bytebuddy
2024-05-13T11:14:42.464+02:00  INFO 23136 --- [    Test worker] o.h.e.t.j.p.i.JtaPlatformInitiator       : HHH000490: Using JtaPlatform implementation: [org.hibernate.engine.transaction.jta.platform.internal.NoJtaPlatform]
2024-05-13T11:14:42.471+02:00  INFO 23136 --- [    Test worker] j.LocalContainerEntityManagerFactoryBean : Initialized JPA EntityManagerFactory for persistence unit 'default'
2024-05-13T11:14:43.950+02:00  WARN 23136 --- [    Test worker] .s.s.UserDetailsServiceAutoConfiguration : 

Using generated security password: 0d5c2a0c-12d4-49c4-be16-2aad3f5727f7

This generated password is for development use only. Your security configuration must be updated before running your application in production.

2024-05-13T11:14:44.184+02:00  INFO 23136 --- [    Test worker] o.s.s.web.DefaultSecurityFilterChain     : Will secure any request with [org.springframework.security.web.session.DisableEncodeUrlFilter@8dce4ca, org.springframework.security.web.context.request.async.WebAsyncManagerIntegrationFilter@308bd8bb, org.springframework.security.web.context.SecurityContextHolderFilter@56dd5a52, org.springframework.security.web.header.HeaderWriterFilter@19583ef8, org.springframework.security.web.authentication.logout.LogoutFilter@52bdfa14, fontys.ind.configuration.security.auth.AuthenticationRequestFilter@2e6387f4, org.springframework.security.web.savedrequest.RequestCacheAwareFilter@d8d746c, org.springframework.security.web.servletapi.SecurityContextHolderAwareRequestFilter@75b0c649, org.springframework.security.web.authentication.AnonymousAuthenticationFilter@7f2a6de5, org.springframework.security.web.session.SessionManagementFilter@7ea7f02b, org.springframework.security.web.access.ExceptionTranslationFilter@46d866c5, org.springframework.security.web.access.intercept.AuthorizationFilter@487e0228]
2024-05-13T11:14:45.049+02:00  INFO 23136 --- [    Test worker] o.s.b.t.m.w.SpringBootMockServletContext : Initializing Spring TestDispatcherServlet ''
2024-05-13T11:14:45.049+02:00  INFO 23136 --- [    Test worker] o.s.t.web.servlet.TestDispatcherServlet  : Initializing Servlet ''
2024-05-13T11:14:45.051+02:00  INFO 23136 --- [    Test worker] o.s.t.web.servlet.TestDispatcherServlet  : Completed initialization in 2 ms
2024-05-13T11:14:45.088+02:00  INFO 23136 --- [    Test worker] f.ind.controller.UserControllerTest      : Started UserControllerTest in 9.759 seconds (process running for 19.358)
]]></system-out>
  <system-err><![CDATA[]]></system-err>
</testsuite>
