<?xml version="1.0" encoding="UTF-8"?>
<testsuite name="fontys.ind.business.mappers.RatingMapperTest" tests="1" skipped="0" failures="0" errors="0" timestamp="2024-05-17T11:00:13" hostname="DESKTOP-88OFGPG" time="0.026">
  <properties/>
  <testcase name="fromEntityToResponse_shouldMapCorrectly()" classname="fontys.ind.business.mappers.RatingMapperTest" time="0.026"/>
  <system-out><![CDATA[12:59:59.998 [Test worker] INFO org.springframework.test.context.support.AnnotationConfigContextLoaderUtils -- Could not detect default configuration classes for test class [fontys.ind.business.mappers.RatingMapperTest]: RatingMapperTest does not declare any static, non-private, non-final, nested classes annotated with @Configuration.
13:00:00.278 [Test worker] INFO org.springframework.boot.test.context.SpringBootTestContextBootstrapper -- Found @SpringBootConfiguration fontys.ind.Main for test class fontys.ind.business.mappers.RatingMapperTest

  .   ____          _            __ _ _
 /\\ / ___'_ __ _ _(_)_ __  __ _ \ \ \ \
( ( )\___ | '_ | '_| | '_ \/ _` | \ \ \ \
 \\/  ___)| |_)| | | | | || (_| |  ) ) ) )
  '  |____| .__|_| |_|_| |_\__, | / / / /
 =========|_|==============|___/=/_/_/_/
 :: Spring Boot ::                (v3.1.3)

2024-05-17T13:00:01.215+02:00  INFO 13908 --- [    Test worker] f.ind.business.mappers.RatingMapperTest  : Starting RatingMapperTest using Java 17.0.10 with PID 13908 (started by Melina in D:\CS\Version Control\GitLab\test\fitsphere-backend)
2024-05-17T13:00:01.218+02:00  INFO 13908 --- [    Test worker] f.ind.business.mappers.RatingMapperTest  : No active profile set, falling back to 1 default profile: "default"
2024-05-17T13:00:03.990+02:00  INFO 13908 --- [    Test worker] .s.d.r.c.RepositoryConfigurationDelegate : Bootstrapping Spring Data JPA repositories in DEFAULT mode.
2024-05-17T13:00:04.238+02:00  INFO 13908 --- [    Test worker] .s.d.r.c.RepositoryConfigurationDelegate : Finished Spring Data repository scanning in 221 ms. Found 6 JPA repository interfaces.
2024-05-17T13:00:06.152+02:00  INFO 13908 --- [    Test worker] o.f.c.internal.license.VersionPrinter    : Flyway Community Edition 9.16.3 by Redgate
2024-05-17T13:00:06.153+02:00  INFO 13908 --- [    Test worker] o.f.c.internal.license.VersionPrinter    : See release notes here: https://rd.gt/416ObMi
2024-05-17T13:00:06.154+02:00  INFO 13908 --- [    Test worker] o.f.c.internal.license.VersionPrinter    : 
2024-05-17T13:00:07.215+02:00  INFO 13908 --- [    Test worker] o.f.c.i.database.base.BaseDatabaseType   : Database: jdbc:mysql://localhost:3306/fitsphere (MySQL 8.0)
2024-05-17T13:00:07.350+02:00  INFO 13908 --- [    Test worker] o.f.core.internal.command.DbMigrate      : Current version of schema `fitsphere`: 1
2024-05-17T13:00:07.351+02:00  INFO 13908 --- [    Test worker] o.f.core.internal.command.DbMigrate      : Schema `fitsphere` is up to date. No migration necessary.
2024-05-17T13:00:07.603+02:00  INFO 13908 --- [    Test worker] o.hibernate.jpa.internal.util.LogHelper  : HHH000204: Processing PersistenceUnitInfo [name: default]
2024-05-17T13:00:07.757+02:00  INFO 13908 --- [    Test worker] org.hibernate.Version                    : HHH000412: Hibernate ORM core version 6.2.7.Final
2024-05-17T13:00:07.764+02:00  INFO 13908 --- [    Test worker] org.hibernate.cfg.Environment            : HHH000406: Using bytecode reflection optimizer
2024-05-17T13:00:08.153+02:00  INFO 13908 --- [    Test worker] o.h.b.i.BytecodeProviderInitiator        : HHH000021: Bytecode provider name : bytebuddy
2024-05-17T13:00:08.172+02:00  INFO 13908 --- [    Test worker] o.s.o.j.p.SpringPersistenceUnitInfo      : No LoadTimeWeaver setup: ignoring JPA class transformer
2024-05-17T13:00:08.209+02:00  INFO 13908 --- [    Test worker] com.zaxxer.hikari.HikariDataSource       : HikariPool-1 - Starting...
2024-05-17T13:00:08.262+02:00  INFO 13908 --- [    Test worker] com.zaxxer.hikari.pool.HikariPool        : HikariPool-1 - Added connection com.mysql.cj.jdbc.ConnectionImpl@5258833e
2024-05-17T13:00:08.266+02:00  INFO 13908 --- [    Test worker] com.zaxxer.hikari.HikariDataSource       : HikariPool-1 - Start completed.
2024-05-17T13:00:09.047+02:00  INFO 13908 --- [    Test worker] o.h.b.i.BytecodeProviderInitiator        : HHH000021: Bytecode provider name : bytebuddy
2024-05-17T13:00:10.704+02:00  INFO 13908 --- [    Test worker] o.h.e.t.j.p.i.JtaPlatformInitiator       : HHH000490: Using JtaPlatform implementation: [org.hibernate.engine.transaction.jta.platform.internal.NoJtaPlatform]
2024-05-17T13:00:10.712+02:00  INFO 13908 --- [    Test worker] j.LocalContainerEntityManagerFactoryBean : Initialized JPA EntityManagerFactory for persistence unit 'default'
2024-05-17T13:00:12.127+02:00  WARN 13908 --- [    Test worker] .s.s.UserDetailsServiceAutoConfiguration : 

Using generated security password: 1933126c-7144-46c4-97d8-4f2e8fac77eb

This generated password is for development use only. Your security configuration must be updated before running your application in production.

2024-05-17T13:00:12.420+02:00  INFO 13908 --- [    Test worker] o.s.s.web.DefaultSecurityFilterChain     : Will secure any request with [org.springframework.security.web.session.DisableEncodeUrlFilter@1704526e, org.springframework.security.web.context.request.async.WebAsyncManagerIntegrationFilter@7669a108, org.springframework.security.web.context.SecurityContextHolderFilter@76badef9, org.springframework.security.web.header.HeaderWriterFilter@56003365, org.springframework.security.web.authentication.logout.LogoutFilter@261a01f, fontys.ind.configuration.security.auth.AuthenticationRequestFilter@187573ad, org.springframework.security.web.savedrequest.RequestCacheAwareFilter@cb1a1cf, org.springframework.security.web.servletapi.SecurityContextHolderAwareRequestFilter@4c27e5b1, org.springframework.security.web.authentication.AnonymousAuthenticationFilter@53278352, org.springframework.security.web.session.SessionManagementFilter@4cc8af33, org.springframework.security.web.access.ExceptionTranslationFilter@2e60f647, org.springframework.security.web.access.intercept.AuthorizationFilter@7ca3a5fb]
2024-05-17T13:00:13.412+02:00  INFO 13908 --- [    Test worker] f.ind.business.mappers.RatingMapperTest  : Started RatingMapperTest in 12.788 seconds (process running for 20.299)
]]></system-out>
  <system-err><![CDATA[]]></system-err>
</testsuite>
