<?xml version="1.0" encoding="UTF-8"?>
<testsuite name="s3.ind.business.converters.UserConverterTest" tests="2" skipped="0" failures="0" errors="0" timestamp="2024-04-23T20:30:50" hostname="DESKTOP-88OFGPG" time="0.004">
  <properties/>
  <testcase name="fromDTO()" classname="s3.ind.business.converters.UserConverterTest" time="0.003"/>
  <testcase name="toDTO()" classname="s3.ind.business.converters.UserConverterTest" time="0.0"/>
  <system-out><![CDATA[]]></system-out>
  <system-err><![CDATA[]]></system-err>
</testsuite>
