<?xml version="1.0" encoding="UTF-8"?>
<testsuite name="fontys.ind.configuration.security.token.impl.AccessTokenImplTest" tests="1" skipped="0" failures="0" errors="0" timestamp="2024-06-02T10:42:24" hostname="DESKTOP-88OFGPG" time="0.0">
  <properties/>
  <testcase name="testRoleHandling()" classname="fontys.ind.configuration.security.token.impl.AccessTokenImplTest" time="0.0"/>
  <system-out><![CDATA[]]></system-out>
  <system-err><![CDATA[]]></system-err>
</testsuite>
