<?xml version="1.0" encoding="UTF-8"?>
<testsuite name="fontys.ind.business.mappers.TrainerMapperTest" tests="2" skipped="0" failures="0" errors="0" timestamp="2024-05-12T21:52:08" hostname="DESKTOP-88OFGPG" time="0.01">
  <properties/>
  <testcase name="testFromResponseToEntity()" classname="fontys.ind.business.mappers.TrainerMapperTest" time="0.007"/>
  <testcase name="testFromEntityToResponse()" classname="fontys.ind.business.mappers.TrainerMapperTest" time="0.002"/>
  <system-out><![CDATA[]]></system-out>
  <system-err><![CDATA[]]></system-err>
</testsuite>
