<?xml version="1.0" encoding="UTF-8"?>
<testsuite name="fontys.ind.business.impl.AppointmentServiceImplTest" tests="2" skipped="0" failures="0" errors="0" timestamp="2024-05-13T09:14:27" hostname="DESKTOP-88OFGPG" time="2.926">
  <properties/>
  <testcase name="createAppointment_WorkoutNotFound_ThrowsEntityNotFoundException()" classname="fontys.ind.business.impl.AppointmentServiceImplTest" time="2.889"/>
  <testcase name="createAppointment_Successful()" classname="fontys.ind.business.impl.AppointmentServiceImplTest" time="0.035"/>
  <system-out><![CDATA[]]></system-out>
  <system-err><![CDATA[]]></system-err>
</testsuite>
