<?xml version="1.0" encoding="UTF-8"?>
<testsuite name="fontys.ind.business.impl.WorkoutServiceImplTest" tests="5" skipped="0" failures="0" errors="0" timestamp="2024-05-07T09:50:22" hostname="DESKTOP-88OFGPG" time="0.032">
  <properties/>
  <testcase name="createWorkout_WhenTitleExists_ThrowsException()" classname="fontys.ind.business.impl.WorkoutServiceImplTest" time="0.007"/>
  <testcase name="createWorkout_Successful_ReturnsResponse()" classname="fontys.ind.business.impl.WorkoutServiceImplTest" time="0.009"/>
  <testcase name="deleteWorkout_Successful_DeletesWorkout()" classname="fontys.ind.business.impl.WorkoutServiceImplTest" time="0.004"/>
  <testcase name="updateWorkout_WorkoutNotFound_ThrowsException()" classname="fontys.ind.business.impl.WorkoutServiceImplTest" time="0.005"/>
  <testcase name="updateWorkout_Successful_UpdatesFields()" classname="fontys.ind.business.impl.WorkoutServiceImplTest" time="0.004"/>
  <system-out><![CDATA[]]></system-out>
  <system-err><![CDATA[]]></system-err>
</testsuite>
