<?xml version="1.0" encoding="UTF-8"?>
<testsuite name="s3.ind.business.mappers.UserMapperTest" tests="2" skipped="0" failures="0" errors="0" timestamp="2024-05-06T18:48:44" hostname="DESKTOP-88OFGPG" time="0.01">
  <properties/>
  <testcase name="testFromResponseToEntity()" classname="s3.ind.business.mappers.UserMapperTest" time="0.005"/>
  <testcase name="testFromEntityToResponse()" classname="s3.ind.business.mappers.UserMapperTest" time="0.003"/>
  <system-out><![CDATA[]]></system-out>
  <system-err><![CDATA[]]></system-err>
</testsuite>
