<?xml version="1.0" encoding="UTF-8"?>
<testsuite name="s3.ind.controller.UserControllerTest" tests="1" skipped="0" failures="0" errors="0" timestamp="2024-05-06T08:58:08" hostname="DESKTOP-88OFGPG" time="0.05">
  <properties/>
  <testcase name="getAllTrainersTest()" classname="s3.ind.controller.UserControllerTest" time="0.05"/>
  <system-out><![CDATA[10:57:58.210 [Test worker] INFO org.springframework.test.context.support.AnnotationConfigContextLoaderUtils -- Could not detect default configuration classes for test class [s3.ind.controller.UserControllerTest]: UserControllerTest does not declare any static, non-private, non-final, nested classes annotated with @Configuration.
10:57:58.387 [Test worker] INFO org.springframework.boot.test.context.SpringBootTestContextBootstrapper -- Found @SpringBootConfiguration s3.ind.Main for test class s3.ind.controller.UserControllerTest

  .   ____          _            __ _ _
 /\\ / ___'_ __ _ _(_)_ __  __ _ \ \ \ \
( ( )\___ | '_ | '_| | '_ \/ _` | \ \ \ \
 \\/  ___)| |_)| | | | | || (_| |  ) ) ) )
  '  |____| .__|_| |_|_| |_\__, | / / / /
 =========|_|==============|___/=/_/_/_/
 :: Spring Boot ::                (v3.1.3)

2024-05-06T10:57:58.987+02:00  INFO 21648 --- [    Test worker] s3.ind.controller.UserControllerTest     : Starting UserControllerTest using Java 17.0.10 with PID 21648 (started by Melina in D:\CS\Version Control\GitLab\test\fitsphere-backend)
2024-05-06T10:57:58.990+02:00  INFO 21648 --- [    Test worker] s3.ind.controller.UserControllerTest     : No active profile set, falling back to 1 default profile: "default"
2024-05-06T10:58:00.419+02:00  INFO 21648 --- [    Test worker] .s.d.r.c.RepositoryConfigurationDelegate : Bootstrapping Spring Data JPA repositories in DEFAULT mode.
2024-05-06T10:58:00.581+02:00  INFO 21648 --- [    Test worker] .s.d.r.c.RepositoryConfigurationDelegate : Finished Spring Data repository scanning in 147 ms. Found 5 JPA repository interfaces.
2024-05-06T10:58:01.814+02:00  INFO 21648 --- [    Test worker] o.f.c.internal.license.VersionPrinter    : Flyway Community Edition 9.16.3 by Redgate
2024-05-06T10:58:01.814+02:00  INFO 21648 --- [    Test worker] o.f.c.internal.license.VersionPrinter    : See release notes here: https://rd.gt/416ObMi
2024-05-06T10:58:01.814+02:00  INFO 21648 --- [    Test worker] o.f.c.internal.license.VersionPrinter    : 
2024-05-06T10:58:02.509+02:00  INFO 21648 --- [    Test worker] o.f.c.i.database.base.BaseDatabaseType   : Database: jdbc:mysql://localhost:3306/fitsphere (MySQL 8.0)
2024-05-06T10:58:02.604+02:00  INFO 21648 --- [    Test worker] o.f.core.internal.command.DbValidate     : Successfully validated 1 migration (execution time 00:00.045s)
2024-05-06T10:58:02.634+02:00  INFO 21648 --- [    Test worker] o.f.core.internal.command.DbMigrate      : Current version of schema `fitsphere`: 1
2024-05-06T10:58:02.635+02:00  INFO 21648 --- [    Test worker] o.f.core.internal.command.DbMigrate      : Schema `fitsphere` is up to date. No migration necessary.
2024-05-06T10:58:02.838+02:00  INFO 21648 --- [    Test worker] o.hibernate.jpa.internal.util.LogHelper  : HHH000204: Processing PersistenceUnitInfo [name: default]
2024-05-06T10:58:03.037+02:00  INFO 21648 --- [    Test worker] org.hibernate.Version                    : HHH000412: Hibernate ORM core version 6.2.7.Final
2024-05-06T10:58:03.046+02:00  INFO 21648 --- [    Test worker] org.hibernate.cfg.Environment            : HHH000406: Using bytecode reflection optimizer
2024-05-06T10:58:03.478+02:00  INFO 21648 --- [    Test worker] o.h.b.i.BytecodeProviderInitiator        : HHH000021: Bytecode provider name : bytebuddy
2024-05-06T10:58:03.499+02:00  INFO 21648 --- [    Test worker] o.s.o.j.p.SpringPersistenceUnitInfo      : No LoadTimeWeaver setup: ignoring JPA class transformer
2024-05-06T10:58:03.544+02:00  INFO 21648 --- [    Test worker] com.zaxxer.hikari.HikariDataSource       : HikariPool-1 - Starting...
2024-05-06T10:58:03.608+02:00  INFO 21648 --- [    Test worker] com.zaxxer.hikari.pool.HikariPool        : HikariPool-1 - Added connection com.mysql.cj.jdbc.ConnectionImpl@2c465209
2024-05-06T10:58:03.614+02:00  INFO 21648 --- [    Test worker] com.zaxxer.hikari.HikariDataSource       : HikariPool-1 - Start completed.
2024-05-06T10:58:04.699+02:00  INFO 21648 --- [    Test worker] o.h.b.i.BytecodeProviderInitiator        : HHH000021: Bytecode provider name : bytebuddy
2024-05-06T10:58:05.792+02:00  INFO 21648 --- [    Test worker] o.h.e.t.j.p.i.JtaPlatformInitiator       : HHH000490: Using JtaPlatform implementation: [org.hibernate.engine.transaction.jta.platform.internal.NoJtaPlatform]
2024-05-06T10:58:05.798+02:00  INFO 21648 --- [    Test worker] j.LocalContainerEntityManagerFactoryBean : Initialized JPA EntityManagerFactory for persistence unit 'default'
2024-05-06T10:58:07.042+02:00  WARN 21648 --- [    Test worker] .s.s.UserDetailsServiceAutoConfiguration : 

Using generated security password: 11928316-df54-422f-9dc9-d08fecad0157

This generated password is for development use only. Your security configuration must be updated before running your application in production.

2024-05-06T10:58:07.277+02:00  INFO 21648 --- [    Test worker] o.s.s.web.DefaultSecurityFilterChain     : Will secure any request with [org.springframework.security.web.session.DisableEncodeUrlFilter@33649fde, org.springframework.security.web.context.request.async.WebAsyncManagerIntegrationFilter@4fbe2001, org.springframework.security.web.context.SecurityContextHolderFilter@52474d0a, org.springframework.security.web.header.HeaderWriterFilter@2c8eba1f, org.springframework.security.web.authentication.logout.LogoutFilter@3a5a35fa, s3.ind.configuration.security.auth.AuthenticationRequestFilter@58b43946, org.springframework.security.web.savedrequest.RequestCacheAwareFilter@cc83360, org.springframework.security.web.servletapi.SecurityContextHolderAwareRequestFilter@4d93b0cf, org.springframework.security.web.authentication.AnonymousAuthenticationFilter@1b2199d5, org.springframework.security.web.session.SessionManagementFilter@37093884, org.springframework.security.web.access.ExceptionTranslationFilter@1eb918ed, org.springframework.security.web.access.intercept.AuthorizationFilter@275b7fac]
2024-05-06T10:58:08.220+02:00  INFO 21648 --- [    Test worker] o.s.b.t.m.w.SpringBootMockServletContext : Initializing Spring TestDispatcherServlet ''
2024-05-06T10:58:08.220+02:00  INFO 21648 --- [    Test worker] o.s.t.web.servlet.TestDispatcherServlet  : Initializing Servlet ''
2024-05-06T10:58:08.221+02:00  INFO 21648 --- [    Test worker] o.s.t.web.servlet.TestDispatcherServlet  : Completed initialization in 0 ms
2024-05-06T10:58:08.256+02:00  INFO 21648 --- [    Test worker] s3.ind.controller.UserControllerTest     : Started UserControllerTest in 9.698 seconds (process running for 17.472)
]]></system-out>
  <system-err><![CDATA[]]></system-err>
</testsuite>
